2025-06-06 16:04 - ilearn.lammps.calcs - INFO - 110/0/dump_out: No vacancies detected.
2025-06-06 16:04 - ilearn.lammps.calcs - INFO - 110/1/dump_out: No vacancies detected.
2025-06-06 16:04 - ilearn.lammps.calcs - INFO - 110/2/dump_out: No vacancies detected.
2025-06-06 16:04 - ilearn.lammps.calcs - INFO - 110/3/dump_out: No vacancies detected.
2025-06-06 16:04 - ilearn.lammps.calcs - INFO - 110/4/dump_out: No vacancies detected.
2025-06-06 16:04 - ilearn.lammps.calcs - INFO - 110/5/dump_out: No vacancies detected.
2025-06-06 16:04 - ilearn.lammps.calcs - INFO - 110/6/dump_out: No vacancies detected.
2025-06-06 16:04 - ilearn.lammps.calcs - INFO - 110/7/dump_out: No vacancies detected.
2025-06-06 16:04 - ilearn.lammps.calcs - INFO - 110/8/dump_out: No vacancies detected.
2025-06-06 16:04 - ilearn.lammps.calcs - INFO - 110/9/dump_out: No vacancies detected.
2025-06-06 16:04 - ilearn.lammps.calcs - INFO - 110/10/dump_out: No vacancies detected.
2025-06-06 16:04 - ilearn.lammps.calcs - INFO - 110/11/dump_out: No vacancies detected.
2025-06-06 16:04 - ilearn.lammps.calcs - INFO - 110/12/dump_out: No vacancies detected.
2025-06-06 16:04 - ilearn.lammps.calcs - INFO - 110/13/dump_out: No vacancies detected.
2025-06-06 16:04 - ilearn.lammps.calcs - INFO - 110/14/dump_out: No vacancies detected.
2025-06-06 16:04 - ilearn.lammps.calcs - INFO - 110/15/dump_out: No vacancies detected.
2025-06-06 16:04 - ilearn.lammps.calcs - INFO - 110/16/dump_out: No vacancies detected.
2025-06-06 16:04 - ilearn.lammps.calcs - INFO - 110/17/dump_out: No vacancies detected.
2025-06-06 16:04 - ilearn.lammps.calcs - INFO - 110/18/dump_out: No vacancies detected.
2025-06-06 16:04 - ilearn.lammps.calcs - INFO - 110/19/dump_out: No vacancies detected.
2025-06-06 16:04 - ilearn.lammps.calcs - INFO - 110/20/dump_out: No vacancies detected.
2025-06-06 16:04 - ilearn.lammps.calcs - INFO - 110/21/dump_out: No vacancies detected.
2025-06-06 16:04 - ilearn.lammps.calcs - INFO - 110/22/dump_out: No vacancies detected.
2025-06-06 16:04 - ilearn.lammps.calcs - INFO - 110/23/dump_out: No vacancies detected.
2025-06-06 16:04 - ilearn.lammps.calcs - INFO - 110/24/dump_out: No vacancies detected.
2025-06-06 16:04 - ilearn.lammps.calcs - INFO - 110/25/dump_out: No vacancies detected.
2025-06-06 16:04 - ilearn.lammps.calcs - INFO - 110/26/dump_out: No vacancies detected.
2025-06-06 16:04 - ilearn.lammps.calcs - INFO - 110/27/dump_out: No vacancies detected.
2025-06-06 16:04 - ilearn.lammps.calcs - INFO - 110/28/dump_out: No vacancies detected.
2025-06-06 16:04 - ilearn.lammps.calcs - INFO - 110/29/dump_out: No vacancies detected.
2025-06-06 16:04 - ilearn.lammps.calcs - INFO - 110/30/dump_out: No vacancies detected.
2025-06-06 16:04 - ilearn.lammps.calcs - INFO - 110/31/dump_out: No vacancies detected.
2025-06-06 16:04 - ilearn.lammps.calcs - INFO - 110/32/dump_out: No vacancies detected.
2025-06-06 16:04 - ilearn.lammps.calcs - INFO - 110/33/dump_out: No vacancies detected.
2025-06-06 16:04 - ilearn.lammps.calcs - INFO - 110/34/dump_out: No vacancies detected.
2025-06-06 16:04 - ilearn.lammps.calcs - INFO - 110/35/dump_out: No vacancies detected.
2025-06-06 16:04 - ilearn.lammps.calcs - INFO - 110/36/dump_out: No vacancies detected.
2025-06-06 16:04 - ilearn.lammps.calcs - INFO - 110/37/dump_out: No vacancies detected.
2025-06-06 16:04 - ilearn.lammps.calcs - INFO - 110/38/dump_out: No vacancies detected.
2025-06-06 16:04 - ilearn.lammps.calcs - INFO - 110/39/dump_out: No vacancies detected.
2025-06-06 16:04 - ilearn.lammps.calcs - INFO - 110/40/dump_out: No vacancies detected.
2025-06-06 16:04 - ilearn.lammps.calcs - INFO - 110/41/dump_out: No vacancies detected.
2025-06-06 16:04 - ilearn.lammps.calcs - INFO - 110/42/dump_out: No vacancies detected.
2025-06-06 16:04 - ilearn.lammps.calcs - INFO - 110/43/dump_out: No vacancies detected.
2025-06-06 16:04 - ilearn.lammps.calcs - INFO - 110/44/dump_out: No vacancies detected.
2025-06-06 16:04 - ilearn.lammps.calcs - INFO - 110/45/dump_out: No vacancies detected.
2025-06-06 16:04 - ilearn.lammps.calcs - INFO - 110/46/dump_out: No vacancies detected.
2025-06-06 16:04 - ilearn.lammps.calcs - INFO - 110/47/dump_out: No vacancies detected.
2025-06-06 16:04 - ilearn.lammps.calcs - INFO - 110/48/dump_out: No vacancies detected.
2025-06-06 16:04 - ilearn.lammps.calcs - INFO - 110/49/dump_out: No vacancies detected.
2025-06-06 16:04 - ilearn.lammps.calcs - INFO - 110/50/dump_out: No vacancies detected.
2025-06-06 16:04 - ilearn.lammps.calcs - INFO - 110/51/dump_out: No vacancies detected.
2025-06-06 16:04 - ilearn.lammps.calcs - INFO - 110/52/dump_out: No vacancies detected.
2025-06-06 16:04 - ilearn.lammps.calcs - INFO - 110/53/dump_out: No vacancies detected.
2025-06-06 16:04 - ilearn.lammps.calcs - INFO - 110/54/dump_out: No vacancies detected.
2025-06-06 16:04 - ilearn.lammps.calcs - INFO - 110/55/dump_out: No vacancies detected.
2025-06-06 16:04 - ilearn.lammps.calcs - INFO - 110/56/dump_out: No vacancies detected.
2025-06-06 16:04 - ilearn.lammps.calcs - INFO - 110/57/dump_out: No vacancies detected.
2025-06-06 16:04 - ilearn.lammps.calcs - INFO - 110/58/dump_out: No vacancies detected.
2025-06-06 16:04 - ilearn.lammps.calcs - INFO - 110/59/dump_out: No vacancies detected.
2025-06-06 16:04 - ilearn.lammps.calcs - INFO - 110/60/dump_out: No vacancies detected.
2025-06-06 16:04 - ilearn.lammps.calcs - INFO - 110/61/dump_out: No vacancies detected.
2025-06-06 16:04 - ilearn.lammps.calcs - INFO - 110/62/dump_out: No vacancies detected.
2025-06-06 16:04 - ilearn.lammps.calcs - INFO - 110/63/dump_out: No vacancies detected.
2025-06-06 16:04 - ilearn.lammps.calcs - INFO - 110/64/dump_out: No vacancies detected.
2025-06-06 16:04 - ilearn.lammps.calcs - INFO - 110/65/dump_out: No vacancies detected.
2025-06-06 16:04 - ilearn.lammps.calcs - INFO - 110/66/dump_out: No vacancies detected.
2025-06-06 16:04 - ilearn.lammps.calcs - INFO - 110/67/dump_out: No vacancies detected.
2025-06-06 16:04 - ilearn.lammps.calcs - INFO - 110/68/dump_out: No vacancies detected.
2025-06-06 16:04 - ilearn.lammps.calcs - INFO - 110/69/dump_out: No vacancies detected.
2025-06-06 16:04 - ilearn.lammps.calcs - INFO - 110/70/dump_out: No vacancies detected.
2025-06-06 16:04 - ilearn.lammps.calcs - INFO - 110/71/dump_out: No vacancies detected.
2025-06-06 16:04 - ilearn.lammps.calcs - INFO - 110/72/dump_out: No vacancies detected.
2025-06-06 16:04 - ilearn.lammps.calcs - INFO - 110/73/dump_out: No vacancies detected.
2025-06-06 16:04 - ilearn.lammps.calcs - INFO - 110/74/dump_out: No vacancies detected.
2025-06-06 16:04 - ilearn.lammps.calcs - INFO - 110/75/dump_out: No vacancies detected.
2025-06-06 16:04 - ilearn.lammps.calcs - INFO - 110/76/dump_out: No vacancies detected.
2025-06-06 16:04 - ilearn.lammps.calcs - INFO - 110/77/dump_out: No vacancies detected.
2025-06-06 16:04 - ilearn.lammps.calcs - INFO - 110/78/dump_out: No vacancies detected.
2025-06-06 16:04 - ilearn.lammps.calcs - INFO - 110/79/dump_out: No vacancies detected.
2025-06-06 16:04 - ilearn.lammps.calcs - INFO - 110/80/dump_out: No vacancies detected.
2025-06-06 16:04 - ilearn.lammps.calcs - INFO - 110/81/dump_out: No vacancies detected.
2025-06-06 16:04 - ilearn.lammps.calcs - INFO - 110/82/dump_out: No vacancies detected.
2025-06-06 16:04 - ilearn.lammps.calcs - INFO - 110/83/dump_out: No vacancies detected.
2025-06-06 16:04 - ilearn.lammps.calcs - INFO - 110/84/dump_out: No vacancies detected.
2025-06-06 16:04 - ilearn.lammps.calcs - INFO - 110/85/dump_out: No vacancies detected.
2025-06-06 16:04 - ilearn.lammps.calcs - INFO - 110/86/dump_out: No vacancies detected.
2025-06-06 16:04 - ilearn.lammps.calcs - INFO - 110/87/dump_out: No vacancies detected.
2025-06-06 16:04 - ilearn.lammps.calcs - INFO - 110/88/dump_out: No vacancies detected.
2025-06-06 16:04 - ilearn.lammps.calcs - INFO - 110/89/dump_out: No vacancies detected.
2025-06-06 16:04 - ilearn.lammps.calcs - INFO - 110/90/dump_out: No vacancies detected.
2025-06-06 16:04 - ilearn.lammps.calcs - INFO - 110/91/dump_out: No vacancies detected.
2025-06-06 16:04 - ilearn.lammps.calcs - INFO - 110/92/dump_out: No vacancies detected.
2025-06-06 16:04 - ilearn.lammps.calcs - INFO - 110/93/dump_out: No vacancies detected.
2025-06-06 16:04 - ilearn.lammps.calcs - INFO - 110/94/dump_out: No vacancies detected.
2025-06-06 16:04 - ilearn.lammps.calcs - INFO - 110/95/dump_out: No vacancies detected.
2025-06-06 16:04 - ilearn.lammps.calcs - INFO - 110/96/dump_out: No vacancies detected.
2025-06-06 16:04 - ilearn.lammps.calcs - INFO - 110/97/dump_out: No vacancies detected.
2025-06-06 16:04 - ilearn.lammps.calcs - INFO - 110/98/dump_out: No vacancies detected.
2025-06-06 16:04 - ilearn.lammps.calcs - INFO - 110/99/dump_out: No vacancies detected.
2025-06-06 16:04 - ilearn.lammps.calcs - INFO - 110/100/dump_out: No vacancies detected.
2025-06-06 16:04 - ilearn.lammps.calcs - INFO - 110/101/dump_out: No vacancies detected.
2025-06-06 16:04 - ilearn.lammps.calcs - INFO - 110/102/dump_out: No vacancies detected.
2025-06-06 16:04 - ilearn.lammps.calcs - INFO - 110/103/dump_out: No vacancies detected.
2025-06-06 16:04 - ilearn.lammps.calcs - INFO - 110/104/dump_out: No vacancies detected.
2025-06-06 16:04 - ilearn.lammps.calcs - INFO - 110/105/dump_out: No vacancies detected.
2025-06-06 16:04 - ilearn.lammps.calcs - INFO - 110/106/dump_out: No vacancies detected.
2025-06-06 16:04 - ilearn.lammps.calcs - INFO - 110/107/dump_out: No vacancies detected.
2025-06-06 16:04 - ilearn.lammps.calcs - INFO - 110/108/dump_out: No vacancies detected.
2025-06-06 16:04 - ilearn.lammps.calcs - INFO - 110/109/dump_out: No vacancies detected.
2025-06-06 16:04 - ilearn.lammps.calcs - INFO - 110/110/dump_out: No vacancies detected.
2025-06-06 16:04 - ilearn.lammps.calcs - INFO - 110/111/dump_out: No vacancies detected.
2025-06-06 16:04 - ilearn.lammps.calcs - INFO - 110/112/dump_out: No vacancies detected.
2025-06-06 16:04 - ilearn.lammps.calcs - INFO - 110/113/dump_out: No vacancies detected.
2025-06-06 16:04 - ilearn.lammps.calcs - INFO - 110/114/dump_out: No vacancies detected.
2025-06-06 16:04 - ilearn.lammps.calcs - INFO - 110/115/dump_out: No vacancies detected.
2025-06-06 16:04 - ilearn.lammps.calcs - INFO - 110/116/dump_out: No vacancies detected.
2025-06-06 16:04 - ilearn.lammps.calcs - INFO - 110/117/dump_out: No vacancies detected.
2025-06-06 16:04 - ilearn.lammps.calcs - INFO - 110/118/dump_out: No vacancies detected.
2025-06-06 16:04 - ilearn.lammps.calcs - INFO - 110/119/dump_out: No vacancies detected.
2025-06-06 16:04 - ilearn.lammps.calcs - INFO - 110/120/dump_out: No vacancies detected.
2025-06-06 16:04 - ilearn.lammps.calcs - INFO - 110/121/dump_out: No vacancies detected.
2025-06-06 16:04 - ilearn.lammps.calcs - INFO - 110/122/dump_out: No vacancies detected.
2025-06-06 16:04 - ilearn.lammps.calcs - INFO - 110/123/dump_out: No vacancies detected.
2025-06-06 16:04 - ilearn.lammps.calcs - INFO - 110/124/dump_out: No vacancies detected.
2025-06-06 16:04 - ilearn.lammps.calcs - INFO - 110/125/dump_out: No vacancies detected.
2025-06-06 16:04 - ilearn.lammps.calcs - INFO - 110/126/dump_out: No vacancies detected.
2025-06-06 16:04 - ilearn.lammps.calcs - INFO - 110/127/dump_out: No vacancies detected.
2025-06-06 16:04 - ilearn.lammps.calcs - INFO - 110/128/dump_out: No vacancies detected.
2025-06-06 16:04 - ilearn.lammps.calcs - INFO - 110/129/dump_out: No vacancies detected.
2025-06-06 16:04 - ilearn.lammps.calcs - INFO - 110/130/dump_out: No vacancies detected.
2025-06-06 16:04 - ilearn.lammps.calcs - INFO - 110/131/dump_out: No vacancies detected.
2025-06-06 16:04 - ilearn.lammps.calcs - INFO - 110/132/dump_out: No vacancies detected.
2025-06-06 16:04 - ilearn.lammps.calcs - INFO - 110/133/dump_out: No vacancies detected.
2025-06-06 16:04 - ilearn.lammps.calcs - INFO - 110/134/dump_out: No vacancies detected.
2025-06-06 16:04 - ilearn.lammps.calcs - INFO - 110/135/dump_out: No vacancies detected.
2025-06-06 16:04 - ilearn.lammps.calcs - INFO - 110/136/dump_out: No vacancies detected.
2025-06-06 16:04 - ilearn.lammps.calcs - INFO - 110/137/dump_out: No vacancies detected.
2025-06-06 16:04 - ilearn.lammps.calcs - INFO - 110/138/dump_out: No vacancies detected.
2025-06-06 16:04 - ilearn.lammps.calcs - INFO - 110/139/dump_out: No vacancies detected.
2025-06-06 16:04 - ilearn.lammps.calcs - INFO - 110/140/dump_out: No vacancies detected.
2025-06-06 16:04 - ilearn.lammps.calcs - INFO - 110/141/dump_out: No vacancies detected.
2025-06-06 16:04 - ilearn.lammps.calcs - INFO - 110/142/dump_out: No vacancies detected.
2025-06-06 16:04 - ilearn.lammps.calcs - INFO - 110/143/dump_out: No vacancies detected.
2025-06-06 16:04 - ilearn.lammps.calcs - INFO - 110/144/dump_out: No vacancies detected.
2025-06-06 16:04 - ilearn.lammps.calcs - INFO - 110/145/dump_out: No vacancies detected.
2025-06-06 16:04 - ilearn.lammps.calcs - INFO - 110/146/dump_out: No vacancies detected.
2025-06-06 16:04 - ilearn.lammps.calcs - INFO - 110/147/dump_out: No vacancies detected.
2025-06-06 16:04 - ilearn.lammps.calcs - INFO - 110/148/dump_out: No vacancies detected.
2025-06-06 16:04 - ilearn.lammps.calcs - INFO - 110/149/dump_out: No vacancies detected.
2025-06-06 16:04 - ilearn.lammps.calcs - INFO - 110/150/dump_out: No vacancies detected.
2025-06-06 16:04 - ilearn.lammps.calcs - INFO - 110/151/dump_out: No vacancies detected.
2025-06-06 16:04 - ilearn.lammps.calcs - INFO - 110/152/dump_out: No vacancies detected.
2025-06-06 16:04 - ilearn.lammps.calcs - INFO - 110/153/dump_out: No vacancies detected.
2025-06-06 16:05 - ilearn.lammps.calcs - INFO - 115/0/dump_out: Vacancy detected. Particle ID: 450, Position: [ 5.658  8.487 14.145]
2025-06-06 16:05 - ilearn.lammps.calcs - INFO - 115/1/dump_out: Vacancy detected. Particle ID: 450, Position: [ 5.658  8.487 14.145]
2025-06-06 16:05 - ilearn.lammps.calcs - INFO - 115/2/dump_out: Vacancy detected. Particle ID: 450, Position: [ 5.658  8.487 14.145]
2025-06-06 16:05 - ilearn.lammps.calcs - INFO - 115/3/dump_out: Vacancy detected. Particle ID: 450, Position: [ 5.658  8.487 14.145]
2025-06-06 16:05 - ilearn.lammps.calcs - INFO - 115/4/dump_out: Vacancy detected. Particle ID: 450, Position: [ 5.658  8.487 14.145]
2025-06-06 16:05 - ilearn.lammps.calcs - INFO - 115/5/dump_out: Vacancy detected. Particle ID: 450, Position: [ 5.658  8.487 14.145]
2025-06-06 16:05 - ilearn.lammps.calcs - INFO - 115/6/dump_out: Vacancy detected. Particle ID: 450, Position: [ 5.658  8.487 14.145]
2025-06-06 16:05 - ilearn.lammps.calcs - INFO - 115/7/dump_out: Vacancy detected. Particle ID: 450, Position: [ 5.658  8.487 14.145]
2025-06-06 16:05 - ilearn.lammps.calcs - INFO - 115/8/dump_out: Vacancy detected. Particle ID: 450, Position: [ 5.658  8.487 14.145]
2025-06-06 16:05 - ilearn.lammps.calcs - INFO - 115/9/dump_out: Vacancy detected. Particle ID: 450, Position: [ 5.658  8.487 14.145]
2025-06-06 16:05 - ilearn.lammps.calcs - INFO - 115/10/dump_out: Vacancy detected. Particle ID: 450, Position: [ 5.658  8.487 14.145]
2025-06-06 16:05 - ilearn.lammps.calcs - INFO - 115/11/dump_out: Vacancy detected. Particle ID: 450, Position: [ 5.658  8.487 14.145]
2025-06-06 16:05 - ilearn.lammps.calcs - INFO - 115/12/dump_out: Vacancy detected. Particle ID: 450, Position: [ 5.658  8.487 14.145]
2025-06-06 16:05 - ilearn.lammps.calcs - INFO - 115/13/dump_out: Vacancy detected. Particle ID: 450, Position: [ 5.658  8.487 14.145]
2025-06-06 16:05 - ilearn.lammps.calcs - INFO - 115/14/dump_out: Vacancy detected. Particle ID: 450, Position: [ 5.658  8.487 14.145]
2025-06-06 16:05 - ilearn.lammps.calcs - INFO - 115/15/dump_out: Vacancy detected. Particle ID: 450, Position: [ 5.658  8.487 14.145]
2025-06-06 16:05 - ilearn.lammps.calcs - INFO - 115/16/dump_out: Vacancy detected. Particle ID: 450, Position: [ 5.658  8.487 14.145]
2025-06-06 16:05 - ilearn.lammps.calcs - INFO - 115/17/dump_out: Vacancy detected. Particle ID: 450, Position: [ 5.658  8.487 14.145]
2025-06-06 16:05 - ilearn.lammps.calcs - INFO - 115/18/dump_out: Vacancy detected. Particle ID: 450, Position: [ 5.658  8.487 14.145]
2025-06-06 16:05 - ilearn.lammps.calcs - INFO - 115/19/dump_out: Vacancy detected. Particle ID: 450, Position: [ 5.658  8.487 14.145]
2025-06-06 16:05 - ilearn.lammps.calcs - INFO - 115/20/dump_out: Vacancy detected. Particle ID: 450, Position: [ 5.658  8.487 14.145]
2025-06-06 16:05 - ilearn.lammps.calcs - INFO - 115/21/dump_out: No vacancies detected.
2025-06-06 16:05 - ilearn.lammps.calcs - INFO - 115/22/dump_out: Vacancy detected. Particle ID: 454, Position: [ 7.0725  9.9015 15.5595]
2025-06-06 16:05 - ilearn.lammps.calcs - INFO - 115/23/dump_out: Vacancy detected. Particle ID: 450, Position: [ 5.658  8.487 14.145]
2025-06-06 16:05 - ilearn.lammps.calcs - INFO - 115/24/dump_out: Vacancy detected. Particle ID: 450, Position: [ 5.658  8.487 14.145]
2025-06-06 16:05 - ilearn.lammps.calcs - INFO - 115/25/dump_out: Vacancy detected. Particle ID: 450, Position: [ 5.658  8.487 14.145]
2025-06-06 16:05 - ilearn.lammps.calcs - INFO - 115/26/dump_out: No vacancies detected.
2025-06-06 16:05 - ilearn.lammps.calcs - INFO - 115/27/dump_out: Vacancy detected. Particle ID: 450, Position: [ 5.658  8.487 14.145]
2025-06-06 16:05 - ilearn.lammps.calcs - INFO - 115/28/dump_out: Vacancy detected. Particle ID: 450, Position: [ 5.658  8.487 14.145]
2025-06-06 16:05 - ilearn.lammps.calcs - INFO - 115/29/dump_out: Vacancy detected. Particle ID: 450, Position: [ 5.658  8.487 14.145]
2025-06-06 16:05 - ilearn.lammps.calcs - INFO - 115/30/dump_out: Vacancy detected. Particle ID: 450, Position: [ 5.658  8.487 14.145]
2025-06-06 16:05 - ilearn.lammps.calcs - INFO - 115/31/dump_out: Vacancy detected. Particle ID: 454, Position: [ 7.0725  9.9015 15.5595]
2025-06-06 16:05 - ilearn.lammps.calcs - INFO - 115/32/dump_out: Vacancy detected. Particle ID: 450, Position: [ 5.658  8.487 14.145]
2025-06-06 16:05 - ilearn.lammps.calcs - INFO - 115/33/dump_out: Vacancy detected. Particle ID: 454, Position: [ 7.0725  9.9015 15.5595]
2025-06-06 16:05 - ilearn.lammps.calcs - INFO - 115/34/dump_out: Vacancy detected. Particle ID: 450, Position: [ 5.658  8.487 14.145]
2025-06-06 16:05 - ilearn.lammps.calcs - INFO - 115/35/dump_out: Vacancy detected. Particle ID: 450, Position: [ 5.658  8.487 14.145]
2025-06-06 16:05 - ilearn.lammps.calcs - INFO - 115/36/dump_out: Vacancy detected. Particle ID: 454, Position: [ 7.0725  9.9015 15.5595]
2025-06-06 16:05 - ilearn.lammps.calcs - INFO - 115/37/dump_out: Vacancy detected. Particle ID: 450, Position: [ 5.658  8.487 14.145]
2025-06-06 16:05 - ilearn.lammps.calcs - INFO - 115/38/dump_out: Vacancy detected. Particle ID: 450, Position: [ 5.658  8.487 14.145]
2025-06-06 16:05 - ilearn.lammps.calcs - INFO - 115/39/dump_out: Vacancy detected. Particle ID: 450, Position: [ 5.658  8.487 14.145]
2025-06-06 16:05 - ilearn.lammps.calcs - INFO - 115/40/dump_out: Vacancy detected. Particle ID: 450, Position: [ 5.658  8.487 14.145]
2025-06-06 16:05 - ilearn.lammps.calcs - INFO - 115/41/dump_out: Vacancy detected. Particle ID: 450, Position: [ 5.658  8.487 14.145]
2025-06-06 16:05 - ilearn.lammps.calcs - INFO - 115/42/dump_out: Vacancy detected. Particle ID: 450, Position: [ 5.658  8.487 14.145]
2025-06-06 16:05 - ilearn.lammps.calcs - INFO - 115/43/dump_out: Vacancy detected. Particle ID: 450, Position: [ 5.658  8.487 14.145]
2025-06-06 16:05 - ilearn.lammps.calcs - INFO - 115/44/dump_out: Vacancy detected. Particle ID: 450, Position: [ 5.658  8.487 14.145]
2025-06-06 16:05 - ilearn.lammps.calcs - INFO - 115/45/dump_out: Vacancy detected. Particle ID: 450, Position: [ 5.658  8.487 14.145]
2025-06-06 16:05 - ilearn.lammps.calcs - INFO - 115/46/dump_out: Vacancy detected. Particle ID: 450, Position: [ 5.658  8.487 14.145]
2025-06-06 16:05 - ilearn.lammps.calcs - INFO - 115/47/dump_out: Vacancy detected. Particle ID: 450, Position: [ 5.658  8.487 14.145]
2025-06-06 16:05 - ilearn.lammps.calcs - INFO - 115/48/dump_out: Vacancy detected. Particle ID: 454, Position: [ 7.0725  9.9015 15.5595]
2025-06-06 16:05 - ilearn.lammps.calcs - INFO - 115/49/dump_out: Vacancy detected. Particle ID: 454, Position: [ 7.0725  9.9015 15.5595]
2025-06-06 16:05 - ilearn.lammps.calcs - INFO - 115/50/dump_out: Vacancy detected. Particle ID: 454, Position: [ 7.0725  9.9015 15.5595]
2025-06-06 16:05 - ilearn.lammps.calcs - INFO - 115/51/dump_out: Vacancy detected. Particle ID: 450, Position: [ 5.658  8.487 14.145]
2025-06-06 16:05 - ilearn.lammps.calcs - INFO - 115/52/dump_out: Vacancy detected. Particle ID: 454, Position: [ 7.0725  9.9015 15.5595]
2025-06-06 16:05 - ilearn.lammps.calcs - INFO - 115/53/dump_out: Vacancy detected. Particle ID: 454, Position: [ 7.0725  9.9015 15.5595]
2025-06-06 16:05 - ilearn.lammps.calcs - INFO - 115/54/dump_out: Vacancy detected. Particle ID: 454, Position: [ 7.0725  9.9015 15.5595]
2025-06-06 16:05 - ilearn.lammps.calcs - INFO - 115/55/dump_out: Vacancy detected. Particle ID: 450, Position: [ 5.658  8.487 14.145]
2025-06-06 16:05 - ilearn.lammps.calcs - INFO - 115/56/dump_out: Vacancy detected. Particle ID: 454, Position: [ 7.0725  9.9015 15.5595]
2025-06-06 16:05 - ilearn.lammps.calcs - INFO - 115/57/dump_out: Vacancy detected. Particle ID: 450, Position: [ 5.658  8.487 14.145]
2025-06-06 16:05 - ilearn.lammps.calcs - INFO - 115/58/dump_out: Vacancy detected. Particle ID: 450, Position: [ 5.658  8.487 14.145]
2025-06-06 16:05 - ilearn.lammps.calcs - INFO - 115/59/dump_out: Vacancy detected. Particle ID: 450, Position: [ 5.658  8.487 14.145]
2025-06-06 16:05 - ilearn.lammps.calcs - INFO - 115/60/dump_out: Vacancy detected. Particle ID: 454, Position: [ 7.0725  9.9015 15.5595]
2025-06-06 16:05 - ilearn.lammps.calcs - INFO - 115/61/dump_out: Vacancy detected. Particle ID: 454, Position: [ 7.0725  9.9015 15.5595]
2025-06-06 16:05 - ilearn.lammps.calcs - INFO - 115/62/dump_out: Vacancy detected. Particle ID: 652, Position: [ 8.487  8.487 16.974]
2025-06-06 16:05 - ilearn.lammps.calcs - INFO - 115/63/dump_out: Vacancy detected. Particle ID: 450, Position: [ 5.658  8.487 14.145]
2025-06-06 16:05 - ilearn.lammps.calcs - INFO - 115/64/dump_out: Vacancy detected. Particle ID: 454, Position: [ 7.0725  9.9015 15.5595]
2025-06-06 16:05 - ilearn.lammps.calcs - INFO - 115/65/dump_out: Vacancy detected. Particle ID: 450, Position: [ 5.658  8.487 14.145]
2025-06-06 16:05 - ilearn.lammps.calcs - INFO - 115/66/dump_out: Vacancy detected. Particle ID: 450, Position: [ 5.658  8.487 14.145]
2025-06-06 16:05 - ilearn.lammps.calcs - INFO - 115/67/dump_out: Vacancy detected. Particle ID: 450, Position: [ 5.658  8.487 14.145]
2025-06-06 16:05 - ilearn.lammps.calcs - INFO - 115/68/dump_out: Vacancy detected. Particle ID: 450, Position: [ 5.658  8.487 14.145]
2025-06-06 16:05 - ilearn.lammps.calcs - INFO - 115/69/dump_out: Vacancy detected. Particle ID: 450, Position: [ 5.658  8.487 14.145]
2025-06-06 16:05 - ilearn.lammps.calcs - INFO - 115/70/dump_out: Vacancy detected. Particle ID: 450, Position: [ 5.658  8.487 14.145]
2025-06-06 16:05 - ilearn.lammps.calcs - INFO - 115/71/dump_out: Vacancy detected. Particle ID: 450, Position: [ 5.658  8.487 14.145]
2025-06-06 16:05 - ilearn.lammps.calcs - INFO - 115/72/dump_out: No vacancies detected.
2025-06-06 16:05 - ilearn.lammps.calcs - INFO - 115/73/dump_out: Vacancy detected. Particle ID: 450, Position: [ 5.658  8.487 14.145]
2025-06-06 16:05 - ilearn.lammps.calcs - INFO - 115/74/dump_out: Vacancy detected. Particle ID: 454, Position: [ 7.0725  9.9015 15.5595]
2025-06-06 16:05 - ilearn.lammps.calcs - INFO - 115/75/dump_out: Vacancy detected. Particle ID: 652, Position: [ 8.487  8.487 16.974]
2025-06-06 16:05 - ilearn.lammps.calcs - INFO - 115/76/dump_out: Vacancy detected. Particle ID: 450, Position: [ 5.658  8.487 14.145]
2025-06-06 16:05 - ilearn.lammps.calcs - INFO - 115/77/dump_out: No vacancies detected.
2025-06-06 16:05 - ilearn.lammps.calcs - INFO - 115/78/dump_out: Vacancy detected. Particle ID: 450, Position: [ 5.658  8.487 14.145]
2025-06-06 16:05 - ilearn.lammps.calcs - INFO - 115/79/dump_out: Vacancy detected. Particle ID: 652, Position: [ 8.487  8.487 16.974]
2025-06-06 16:05 - ilearn.lammps.calcs - INFO - 115/80/dump_out: Vacancy detected. Particle ID: 450, Position: [ 5.658  8.487 14.145]
2025-06-06 16:05 - ilearn.lammps.calcs - INFO - 115/81/dump_out: No vacancies detected.
2025-06-06 16:05 - ilearn.lammps.calcs - INFO - 115/82/dump_out: No vacancies detected.
2025-06-06 16:05 - ilearn.lammps.calcs - INFO - 115/83/dump_out: Vacancy detected. Particle ID: 454, Position: [ 7.0725  9.9015 15.5595]
2025-06-06 16:05 - ilearn.lammps.calcs - INFO - 115/84/dump_out: No vacancies detected.
2025-06-06 16:05 - ilearn.lammps.calcs - INFO - 115/85/dump_out: No vacancies detected.
2025-06-06 16:05 - ilearn.lammps.calcs - INFO - 115/86/dump_out: Vacancy detected. Particle ID: 454, Position: [ 7.0725  9.9015 15.5595]
2025-06-06 16:05 - ilearn.lammps.calcs - INFO - 115/87/dump_out: Vacancy detected. Particle ID: 450, Position: [ 5.658  8.487 14.145]
2025-06-06 16:05 - ilearn.lammps.calcs - INFO - 115/88/dump_out: No vacancies detected.
2025-06-06 16:05 - ilearn.lammps.calcs - INFO - 115/89/dump_out: Vacancy detected. Particle ID: 454, Position: [ 7.0725  9.9015 15.5595]
2025-06-06 16:05 - ilearn.lammps.calcs - INFO - 115/90/dump_out: Vacancy detected. Particle ID: 454, Position: [ 7.0725  9.9015 15.5595]
2025-06-06 16:05 - ilearn.lammps.calcs - INFO - 115/91/dump_out: Vacancy detected. Particle ID: 450, Position: [ 5.658  8.487 14.145]
2025-06-06 16:05 - ilearn.lammps.calcs - INFO - 115/92/dump_out: Vacancy detected. Particle ID: 450, Position: [ 5.658  8.487 14.145]
2025-06-06 16:05 - ilearn.lammps.calcs - INFO - 115/93/dump_out: Vacancy detected. Particle ID: 454, Position: [ 7.0725  9.9015 15.5595]
2025-06-06 16:05 - ilearn.lammps.calcs - INFO - 115/94/dump_out: Vacancy detected. Particle ID: 450, Position: [ 5.658  8.487 14.145]
2025-06-06 16:05 - ilearn.lammps.calcs - INFO - 115/95/dump_out: Vacancy detected. Particle ID: 450, Position: [ 5.658  8.487 14.145]
2025-06-06 16:05 - ilearn.lammps.calcs - INFO - 115/96/dump_out: Vacancy detected. Particle ID: 450, Position: [ 5.658  8.487 14.145]
2025-06-06 16:05 - ilearn.lammps.calcs - INFO - 115/97/dump_out: Vacancy detected. Particle ID: 450, Position: [ 5.658  8.487 14.145]
2025-06-06 16:05 - ilearn.lammps.calcs - INFO - 115/98/dump_out: Vacancy detected. Particle ID: 450, Position: [ 5.658  8.487 14.145]
2025-06-06 16:05 - ilearn.lammps.calcs - INFO - 115/99/dump_out: Vacancy detected. Particle ID: 450, Position: [ 5.658  8.487 14.145]
2025-06-06 16:05 - ilearn.lammps.calcs - INFO - 115/100/dump_out: Vacancy detected. Particle ID: 454, Position: [ 7.0725  9.9015 15.5595]
2025-06-06 16:05 - ilearn.lammps.calcs - INFO - 115/101/dump_out: Vacancy detected. Particle ID: 454, Position: [ 7.0725  9.9015 15.5595]
2025-06-06 16:05 - ilearn.lammps.calcs - INFO - 115/102/dump_out: Vacancy detected. Particle ID: 450, Position: [ 5.658  8.487 14.145]
2025-06-06 16:05 - ilearn.lammps.calcs - INFO - 115/103/dump_out: Vacancy detected. Particle ID: 450, Position: [ 5.658  8.487 14.145]
2025-06-06 16:05 - ilearn.lammps.calcs - INFO - 115/104/dump_out: Vacancy detected. Particle ID: 450, Position: [ 5.658  8.487 14.145]
2025-06-06 16:05 - ilearn.lammps.calcs - INFO - 115/105/dump_out: Vacancy detected. Particle ID: 450, Position: [ 5.658  8.487 14.145]
2025-06-06 16:05 - ilearn.lammps.calcs - INFO - 115/106/dump_out: Vacancy detected. Particle ID: 450, Position: [ 5.658  8.487 14.145]
2025-06-06 16:05 - ilearn.lammps.calcs - INFO - 115/107/dump_out: Vacancy detected. Particle ID: 450, Position: [ 5.658  8.487 14.145]
2025-06-06 16:05 - ilearn.lammps.calcs - INFO - 115/108/dump_out: Vacancy detected. Particle ID: 454, Position: [ 7.0725  9.9015 15.5595]
2025-06-06 16:05 - ilearn.lammps.calcs - INFO - 115/109/dump_out: Vacancy detected. Particle ID: 450, Position: [ 5.658  8.487 14.145]
2025-06-06 16:05 - ilearn.lammps.calcs - INFO - 115/110/dump_out: Vacancy detected. Particle ID: 454, Position: [ 7.0725  9.9015 15.5595]
2025-06-06 16:05 - ilearn.lammps.calcs - INFO - 115/111/dump_out: Vacancy detected. Particle ID: 454, Position: [ 7.0725  9.9015 15.5595]
2025-06-06 16:05 - ilearn.lammps.calcs - INFO - 115/112/dump_out: Vacancy detected. Particle ID: 454, Position: [ 7.0725  9.9015 15.5595]
2025-06-06 16:05 - ilearn.lammps.calcs - INFO - 115/113/dump_out: Vacancy detected. Particle ID: 450, Position: [ 5.658  8.487 14.145]
2025-06-06 16:05 - ilearn.lammps.calcs - INFO - 115/114/dump_out: Vacancy detected. Particle ID: 450, Position: [ 5.658  8.487 14.145]
2025-06-06 16:05 - ilearn.lammps.calcs - INFO - 115/115/dump_out: Vacancy detected. Particle ID: 454, Position: [ 7.0725  9.9015 15.5595]
2025-06-06 16:05 - ilearn.lammps.calcs - INFO - 115/116/dump_out: Vacancy detected. Particle ID: 491, Position: [ 8.487 11.316 14.145]
2025-06-06 16:05 - ilearn.lammps.calcs - INFO - 115/117/dump_out: Vacancy detected. Particle ID: 450, Position: [ 5.658  8.487 14.145]
2025-06-06 16:05 - ilearn.lammps.calcs - INFO - 115/118/dump_out: Vacancy detected. Particle ID: 491, Position: [ 8.487 11.316 14.145]
2025-06-06 16:05 - ilearn.lammps.calcs - INFO - 115/119/dump_out: Vacancy detected. Particle ID: 454, Position: [ 7.0725  9.9015 15.5595]
2025-06-06 16:05 - ilearn.lammps.calcs - INFO - 115/120/dump_out: Vacancy detected. Particle ID: 450, Position: [ 5.658  8.487 14.145]
2025-06-06 16:05 - ilearn.lammps.calcs - INFO - 115/121/dump_out: Vacancy detected. Particle ID: 450, Position: [ 5.658  8.487 14.145]
2025-06-06 16:05 - ilearn.lammps.calcs - INFO - 115/122/dump_out: Vacancy detected. Particle ID: 450, Position: [ 5.658  8.487 14.145]
2025-06-06 16:05 - ilearn.lammps.calcs - INFO - 115/123/dump_out: Vacancy detected. Particle ID: 454, Position: [ 7.0725  9.9015 15.5595]
2025-06-06 16:05 - ilearn.lammps.calcs - INFO - 115/124/dump_out: Vacancy detected. Particle ID: 450, Position: [ 5.658  8.487 14.145]
2025-06-06 16:05 - ilearn.lammps.calcs - INFO - 115/125/dump_out: Vacancy detected. Particle ID: 450, Position: [ 5.658  8.487 14.145]
2025-06-06 16:05 - ilearn.lammps.calcs - INFO - 115/126/dump_out: Vacancy detected. Particle ID: 450, Position: [ 5.658  8.487 14.145]
2025-06-06 16:05 - ilearn.lammps.calcs - INFO - 115/127/dump_out: Vacancy detected. Particle ID: 450, Position: [ 5.658  8.487 14.145]
2025-06-06 16:05 - ilearn.lammps.calcs - INFO - 115/128/dump_out: Vacancy detected. Particle ID: 454, Position: [ 7.0725  9.9015 15.5595]
2025-06-06 16:05 - ilearn.lammps.calcs - INFO - 115/129/dump_out: Vacancy detected. Particle ID: 450, Position: [ 5.658  8.487 14.145]
2025-06-06 16:05 - ilearn.lammps.calcs - INFO - 115/130/dump_out: Vacancy detected. Particle ID: 450, Position: [ 5.658  8.487 14.145]
2025-06-06 16:05 - ilearn.lammps.calcs - INFO - 115/131/dump_out: Vacancy detected. Particle ID: 450, Position: [ 5.658  8.487 14.145]
2025-06-06 16:05 - ilearn.lammps.calcs - INFO - 115/132/dump_out: Vacancy detected. Particle ID: 450, Position: [ 5.658  8.487 14.145]
2025-06-06 16:05 - ilearn.lammps.calcs - INFO - 115/133/dump_out: No vacancies detected.
2025-06-06 16:05 - ilearn.lammps.calcs - INFO - 115/134/dump_out: Vacancy detected. Particle ID: 652, Position: [ 8.487  8.487 16.974]
2025-06-06 16:05 - ilearn.lammps.calcs - INFO - 115/135/dump_out: Vacancy detected. Particle ID: 454, Position: [ 7.0725  9.9015 15.5595]
2025-06-06 16:05 - ilearn.lammps.calcs - INFO - 115/136/dump_out: Vacancy detected. Particle ID: 454, Position: [ 7.0725  9.9015 15.5595]
2025-06-06 16:05 - ilearn.lammps.calcs - INFO - 115/137/dump_out: Vacancy detected. Particle ID: 450, Position: [ 5.658  8.487 14.145]
2025-06-06 16:05 - ilearn.lammps.calcs - INFO - 115/138/dump_out: No vacancies detected.
2025-06-06 16:05 - ilearn.lammps.calcs - INFO - 115/139/dump_out: Vacancy detected. Particle ID: 454, Position: [ 7.0725  9.9015 15.5595]
2025-06-06 16:05 - ilearn.lammps.calcs - INFO - 115/140/dump_out: Vacancy detected. Particle ID: 450, Position: [ 5.658  8.487 14.145]
2025-06-06 16:05 - ilearn.lammps.calcs - INFO - 115/141/dump_out: Vacancy detected. Particle ID: 450, Position: [ 5.658  8.487 14.145]
2025-06-06 16:05 - ilearn.lammps.calcs - INFO - 115/142/dump_out: Vacancy detected. Particle ID: 450, Position: [ 5.658  8.487 14.145]
2025-06-06 16:05 - ilearn.lammps.calcs - INFO - 115/143/dump_out: Vacancy detected. Particle ID: 450, Position: [ 5.658  8.487 14.145]
2025-06-06 16:05 - ilearn.lammps.calcs - INFO - 115/144/dump_out: Vacancy detected. Particle ID: 454, Position: [ 7.0725  9.9015 15.5595]
2025-06-06 16:05 - ilearn.lammps.calcs - INFO - 115/145/dump_out: Vacancy detected. Particle ID: 450, Position: [ 5.658  8.487 14.145]
2025-06-06 16:05 - ilearn.lammps.calcs - INFO - 115/146/dump_out: Vacancy detected. Particle ID: 450, Position: [ 5.658  8.487 14.145]
2025-06-06 16:05 - ilearn.lammps.calcs - INFO - 115/147/dump_out: Vacancy detected. Particle ID: 450, Position: [ 5.658  8.487 14.145]
2025-06-06 16:05 - ilearn.lammps.calcs - INFO - 115/148/dump_out: Vacancy detected. Particle ID: 454, Position: [ 7.0725  9.9015 15.5595]
2025-06-06 16:05 - ilearn.lammps.calcs - INFO - 115/149/dump_out: Vacancy detected. Particle ID: 656, Position: [ 9.9015  9.9015 18.3885]
2025-06-06 16:05 - ilearn.lammps.calcs - INFO - 115/150/dump_out: No vacancies detected.
2025-06-06 16:05 - ilearn.lammps.calcs - INFO - 115/151/dump_out: Vacancy detected. Particle ID: 454, Position: [ 7.0725  9.9015 15.5595]
2025-06-06 16:05 - ilearn.lammps.calcs - INFO - 115/152/dump_out: No vacancies detected.
2025-06-06 16:05 - ilearn.lammps.calcs - INFO - 115/153/dump_out: Vacancy detected. Particle ID: 450, Position: [ 5.658  8.487 14.145]
2025-06-06 16:05 - ilearn.lammps.calcs - INFO - --------------------------------The max_velocity is too low for these directions-------------------------------------------
2025-06-06 16:05 - ilearn.lammps.calcs - INFO - 21: False, HKL: [0.28548598 0.         0.95838289], Angle: 0.00°/16.59°
2025-06-06 16:05 - ilearn.lammps.calcs - INFO - 26: False, HKL: [0.32905923 0.03941552 0.94348632], Angle: 6.83°/19.35°
2025-06-06 16:05 - ilearn.lammps.calcs - INFO - 72: False, HKL: [0.55232468 0.11816366 0.82521197], Angle: 12.08°/34.39°
2025-06-06 16:05 - ilearn.lammps.calcs - INFO - 77: False, HKL: [0.62838587 0.15470389 0.76236337], Angle: 13.83°/40.33°
2025-06-06 16:05 - ilearn.lammps.calcs - INFO - 81: False, HKL: [0.58323717 0.19706676 0.78803496], Angle: 18.67°/38.00°
2025-06-06 16:05 - ilearn.lammps.calcs - INFO - 82: False, HKL: [0.58901977 0.15683455 0.79275383], Angle: 14.91°/37.56°
2025-06-06 16:05 - ilearn.lammps.calcs - INFO - 84: False, HKL: [0.66511622 0.15226851 0.73105042], Angle: 12.89°/43.03°
2025-06-06 16:05 - ilearn.lammps.calcs - INFO - 85: False, HKL: [0.69450036 0.18798535 0.69450036], Angle: 15.15°/46.01°
2025-06-06 16:05 - ilearn.lammps.calcs - INFO - 88: False, HKL: [0.63270923 0.11523224 0.76576796], Angle: 10.32°/40.02°
2025-06-06 16:05 - ilearn.lammps.calcs - INFO - 133: False, HKL: [0.42092217 0.07962048 0.90359565], Angle: 10.71°/25.37°
2025-06-06 16:05 - ilearn.lammps.calcs - INFO - 138: False, HKL: [0.44197326 0.24331081 0.86339996], Angle: 28.83°/30.30°
2025-06-06 16:05 - ilearn.lammps.calcs - INFO - 150: False, HKL: [0.4497687  0.20216642 0.86996371], Angle: 24.20°/29.55°
2025-06-06 16:05 - ilearn.lammps.calcs - INFO - 152: False, HKL: [0.48889227 0.24195152 0.83811921], Angle: 26.33°/33.06°
