2025-06-17 21:34 - ilearn.lammps.calcs - INFO - 40/0/dump_out: No vacancies detected.
2025-06-17 21:34 - ilearn.lammps.calcs - INFO - 40/1/dump_out: No vacancies detected.
2025-06-17 21:34 - ilearn.lammps.calcs - INFO - 40/2/dump_out: No vacancies detected.
2025-06-17 21:34 - ilearn.lammps.calcs - INFO - 40/3/dump_out: No vacancies detected.
2025-06-17 21:34 - ilearn.lammps.calcs - INFO - 40/4/dump_out: No vacancies detected.
2025-06-17 21:34 - ilearn.lammps.calcs - INFO - 40/5/dump_out: No vacancies detected.
2025-06-17 21:34 - ilearn.lammps.calcs - INFO - 40/6/dump_out: No vacancies detected.
2025-06-17 21:34 - ilearn.lammps.calcs - INFO - 40/7/dump_out: No vacancies detected.
2025-06-17 21:34 - ilearn.lammps.calcs - INFO - 40/8/dump_out: No vacancies detected.
2025-06-17 21:34 - ilearn.lammps.calcs - INFO - 40/9/dump_out: No vacancies detected.
2025-06-17 21:34 - ilearn.lammps.calcs - INFO - 40/10/dump_out: No vacancies detected.
2025-06-17 21:34 - ilearn.lammps.calcs - INFO - 40/11/dump_out: No vacancies detected.
2025-06-17 21:34 - ilearn.lammps.calcs - INFO - 40/12/dump_out: No vacancies detected.
2025-06-17 21:34 - ilearn.lammps.calcs - INFO - 40/13/dump_out: No vacancies detected.
2025-06-17 21:34 - ilearn.lammps.calcs - INFO - 40/14/dump_out: No vacancies detected.
2025-06-17 21:34 - ilearn.lammps.calcs - INFO - 40/15/dump_out: No vacancies detected.
2025-06-17 21:34 - ilearn.lammps.calcs - INFO - 40/16/dump_out: No vacancies detected.
2025-06-17 21:34 - ilearn.lammps.calcs - INFO - 40/17/dump_out: No vacancies detected.
2025-06-17 21:34 - ilearn.lammps.calcs - INFO - 40/18/dump_out: No vacancies detected.
2025-06-17 21:34 - ilearn.lammps.calcs - INFO - 40/19/dump_out: No vacancies detected.
2025-06-17 21:34 - ilearn.lammps.calcs - INFO - 40/20/dump_out: No vacancies detected.
2025-06-17 21:34 - ilearn.lammps.calcs - INFO - 40/21/dump_out: No vacancies detected.
2025-06-17 21:34 - ilearn.lammps.calcs - INFO - 40/22/dump_out: No vacancies detected.
2025-06-17 21:34 - ilearn.lammps.calcs - INFO - 40/23/dump_out: No vacancies detected.
2025-06-17 21:34 - ilearn.lammps.calcs - INFO - 40/24/dump_out: No vacancies detected.
2025-06-17 21:34 - ilearn.lammps.calcs - INFO - 40/25/dump_out: No vacancies detected.
2025-06-17 21:34 - ilearn.lammps.calcs - INFO - 40/26/dump_out: No vacancies detected.
2025-06-17 21:34 - ilearn.lammps.calcs - INFO - 40/27/dump_out: No vacancies detected.
2025-06-17 21:34 - ilearn.lammps.calcs - INFO - 40/28/dump_out: No vacancies detected.
2025-06-17 21:34 - ilearn.lammps.calcs - INFO - 40/29/dump_out: No vacancies detected.
2025-06-17 21:34 - ilearn.lammps.calcs - INFO - 40/30/dump_out: No vacancies detected.
2025-06-17 21:34 - ilearn.lammps.calcs - INFO - 40/31/dump_out: No vacancies detected.
2025-06-17 21:34 - ilearn.lammps.calcs - INFO - 40/32/dump_out: No vacancies detected.
2025-06-17 21:34 - ilearn.lammps.calcs - INFO - 40/33/dump_out: No vacancies detected.
2025-06-17 21:34 - ilearn.lammps.calcs - INFO - 40/34/dump_out: No vacancies detected.
2025-06-17 21:34 - ilearn.lammps.calcs - INFO - 40/35/dump_out: No vacancies detected.
2025-06-17 21:34 - ilearn.lammps.calcs - INFO - 40/36/dump_out: No vacancies detected.
2025-06-17 21:34 - ilearn.lammps.calcs - INFO - 40/37/dump_out: No vacancies detected.
2025-06-17 21:34 - ilearn.lammps.calcs - INFO - 40/38/dump_out: No vacancies detected.
2025-06-17 21:34 - ilearn.lammps.calcs - INFO - 40/39/dump_out: No vacancies detected.
2025-06-17 21:34 - ilearn.lammps.calcs - INFO - 40/40/dump_out: No vacancies detected.
2025-06-17 21:34 - ilearn.lammps.calcs - INFO - 40/41/dump_out: No vacancies detected.
2025-06-17 21:34 - ilearn.lammps.calcs - INFO - 40/42/dump_out: No vacancies detected.
2025-06-17 21:34 - ilearn.lammps.calcs - INFO - 40/43/dump_out: No vacancies detected.
2025-06-17 21:34 - ilearn.lammps.calcs - INFO - 40/44/dump_out: No vacancies detected.
2025-06-17 21:34 - ilearn.lammps.calcs - INFO - 40/45/dump_out: No vacancies detected.
2025-06-17 21:34 - ilearn.lammps.calcs - INFO - 40/46/dump_out: No vacancies detected.
2025-06-17 21:34 - ilearn.lammps.calcs - INFO - 40/47/dump_out: No vacancies detected.
2025-06-17 21:34 - ilearn.lammps.calcs - INFO - 40/48/dump_out: No vacancies detected.
2025-06-17 21:34 - ilearn.lammps.calcs - INFO - 40/49/dump_out: No vacancies detected.
2025-06-17 21:34 - ilearn.lammps.calcs - INFO - 40/50/dump_out: No vacancies detected.
2025-06-17 21:34 - ilearn.lammps.calcs - INFO - 40/51/dump_out: No vacancies detected.
2025-06-17 21:34 - ilearn.lammps.calcs - INFO - 40/52/dump_out: No vacancies detected.
2025-06-17 21:34 - ilearn.lammps.calcs - INFO - 40/53/dump_out: No vacancies detected.
2025-06-17 21:34 - ilearn.lammps.calcs - INFO - 40/54/dump_out: No vacancies detected.
2025-06-17 21:34 - ilearn.lammps.calcs - INFO - 40/55/dump_out: No vacancies detected.
2025-06-17 21:34 - ilearn.lammps.calcs - INFO - 40/56/dump_out: No vacancies detected.
2025-06-17 21:34 - ilearn.lammps.calcs - INFO - 40/57/dump_out: No vacancies detected.
2025-06-17 21:34 - ilearn.lammps.calcs - INFO - 40/58/dump_out: No vacancies detected.
2025-06-17 21:34 - ilearn.lammps.calcs - INFO - 40/59/dump_out: No vacancies detected.
2025-06-17 21:34 - ilearn.lammps.calcs - INFO - 40/60/dump_out: No vacancies detected.
2025-06-17 21:34 - ilearn.lammps.calcs - INFO - 40/61/dump_out: No vacancies detected.
2025-06-17 21:34 - ilearn.lammps.calcs - INFO - 40/62/dump_out: No vacancies detected.
2025-06-17 21:34 - ilearn.lammps.calcs - INFO - 40/63/dump_out: No vacancies detected.
2025-06-17 21:34 - ilearn.lammps.calcs - INFO - 40/64/dump_out: No vacancies detected.
2025-06-17 21:34 - ilearn.lammps.calcs - INFO - 40/65/dump_out: No vacancies detected.
2025-06-17 21:34 - ilearn.lammps.calcs - INFO - 40/66/dump_out: No vacancies detected.
2025-06-17 21:34 - ilearn.lammps.calcs - INFO - 40/67/dump_out: No vacancies detected.
2025-06-17 21:34 - ilearn.lammps.calcs - INFO - 40/68/dump_out: No vacancies detected.
2025-06-17 21:34 - ilearn.lammps.calcs - INFO - 40/69/dump_out: No vacancies detected.
2025-06-17 21:34 - ilearn.lammps.calcs - INFO - 40/70/dump_out: No vacancies detected.
2025-06-17 21:34 - ilearn.lammps.calcs - INFO - 40/71/dump_out: No vacancies detected.
2025-06-17 21:34 - ilearn.lammps.calcs - INFO - 40/72/dump_out: No vacancies detected.
2025-06-17 21:34 - ilearn.lammps.calcs - INFO - 40/73/dump_out: No vacancies detected.
2025-06-17 21:34 - ilearn.lammps.calcs - INFO - 40/74/dump_out: No vacancies detected.
2025-06-17 21:34 - ilearn.lammps.calcs - INFO - 40/75/dump_out: No vacancies detected.
2025-06-17 21:34 - ilearn.lammps.calcs - INFO - 40/76/dump_out: No vacancies detected.
2025-06-17 21:34 - ilearn.lammps.calcs - INFO - 40/77/dump_out: No vacancies detected.
2025-06-17 21:34 - ilearn.lammps.calcs - INFO - 40/78/dump_out: No vacancies detected.
2025-06-17 21:34 - ilearn.lammps.calcs - INFO - 40/79/dump_out: No vacancies detected.
2025-06-17 21:34 - ilearn.lammps.calcs - INFO - 40/80/dump_out: No vacancies detected.
2025-06-17 21:34 - ilearn.lammps.calcs - INFO - 40/81/dump_out: No vacancies detected.
2025-06-17 21:34 - ilearn.lammps.calcs - INFO - 40/82/dump_out: No vacancies detected.
2025-06-17 21:34 - ilearn.lammps.calcs - INFO - 40/83/dump_out: No vacancies detected.
2025-06-17 21:34 - ilearn.lammps.calcs - INFO - 40/84/dump_out: No vacancies detected.
2025-06-17 21:34 - ilearn.lammps.calcs - INFO - 40/85/dump_out: No vacancies detected.
2025-06-17 21:34 - ilearn.lammps.calcs - INFO - 40/86/dump_out: No vacancies detected.
2025-06-17 21:34 - ilearn.lammps.calcs - INFO - 40/87/dump_out: No vacancies detected.
2025-06-17 21:34 - ilearn.lammps.calcs - INFO - 40/88/dump_out: No vacancies detected.
2025-06-17 21:34 - ilearn.lammps.calcs - INFO - 40/89/dump_out: No vacancies detected.
2025-06-17 21:34 - ilearn.lammps.calcs - INFO - 40/90/dump_out: No vacancies detected.
2025-06-17 21:34 - ilearn.lammps.calcs - INFO - 40/91/dump_out: No vacancies detected.
2025-06-17 21:34 - ilearn.lammps.calcs - INFO - 40/92/dump_out: No vacancies detected.
2025-06-17 21:34 - ilearn.lammps.calcs - INFO - 40/93/dump_out: No vacancies detected.
2025-06-17 21:34 - ilearn.lammps.calcs - INFO - 40/94/dump_out: No vacancies detected.
2025-06-17 21:34 - ilearn.lammps.calcs - INFO - 40/95/dump_out: No vacancies detected.
2025-06-17 21:34 - ilearn.lammps.calcs - INFO - 40/96/dump_out: No vacancies detected.
2025-06-17 21:34 - ilearn.lammps.calcs - INFO - 40/97/dump_out: No vacancies detected.
2025-06-17 21:34 - ilearn.lammps.calcs - INFO - 40/98/dump_out: No vacancies detected.
2025-06-17 21:34 - ilearn.lammps.calcs - INFO - 40/99/dump_out: No vacancies detected.
2025-06-17 21:34 - ilearn.lammps.calcs - INFO - 40/100/dump_out: No vacancies detected.
2025-06-17 21:34 - ilearn.lammps.calcs - INFO - 40/101/dump_out: No vacancies detected.
2025-06-17 21:34 - ilearn.lammps.calcs - INFO - 40/102/dump_out: No vacancies detected.
2025-06-17 21:34 - ilearn.lammps.calcs - INFO - 40/103/dump_out: No vacancies detected.
2025-06-17 21:34 - ilearn.lammps.calcs - INFO - 40/104/dump_out: No vacancies detected.
2025-06-17 21:34 - ilearn.lammps.calcs - INFO - 40/105/dump_out: No vacancies detected.
2025-06-17 21:34 - ilearn.lammps.calcs - INFO - 40/106/dump_out: No vacancies detected.
2025-06-17 21:34 - ilearn.lammps.calcs - INFO - 40/107/dump_out: No vacancies detected.
2025-06-17 21:34 - ilearn.lammps.calcs - INFO - 40/108/dump_out: No vacancies detected.
2025-06-17 21:34 - ilearn.lammps.calcs - INFO - 40/109/dump_out: No vacancies detected.
2025-06-17 21:34 - ilearn.lammps.calcs - INFO - 40/110/dump_out: No vacancies detected.
2025-06-17 21:34 - ilearn.lammps.calcs - INFO - 40/111/dump_out: No vacancies detected.
2025-06-17 21:34 - ilearn.lammps.calcs - INFO - 40/112/dump_out: No vacancies detected.
2025-06-17 21:34 - ilearn.lammps.calcs - INFO - 40/113/dump_out: No vacancies detected.
2025-06-17 21:34 - ilearn.lammps.calcs - INFO - 40/114/dump_out: No vacancies detected.
2025-06-17 21:34 - ilearn.lammps.calcs - INFO - 40/115/dump_out: No vacancies detected.
2025-06-17 21:34 - ilearn.lammps.calcs - INFO - 40/116/dump_out: No vacancies detected.
2025-06-17 21:34 - ilearn.lammps.calcs - INFO - 40/117/dump_out: No vacancies detected.
2025-06-17 21:34 - ilearn.lammps.calcs - INFO - 40/118/dump_out: No vacancies detected.
2025-06-17 21:34 - ilearn.lammps.calcs - INFO - 40/119/dump_out: No vacancies detected.
2025-06-17 21:34 - ilearn.lammps.calcs - INFO - 40/120/dump_out: No vacancies detected.
2025-06-17 21:34 - ilearn.lammps.calcs - INFO - 40/121/dump_out: No vacancies detected.
2025-06-17 21:34 - ilearn.lammps.calcs - INFO - 40/122/dump_out: No vacancies detected.
2025-06-17 21:34 - ilearn.lammps.calcs - INFO - 40/123/dump_out: No vacancies detected.
2025-06-17 21:34 - ilearn.lammps.calcs - INFO - 40/124/dump_out: No vacancies detected.
2025-06-17 21:34 - ilearn.lammps.calcs - INFO - 40/125/dump_out: No vacancies detected.
2025-06-17 21:34 - ilearn.lammps.calcs - INFO - 40/126/dump_out: No vacancies detected.
2025-06-17 21:34 - ilearn.lammps.calcs - INFO - 40/127/dump_out: No vacancies detected.
2025-06-17 21:34 - ilearn.lammps.calcs - INFO - 40/128/dump_out: No vacancies detected.
2025-06-17 21:34 - ilearn.lammps.calcs - INFO - 40/129/dump_out: No vacancies detected.
2025-06-17 21:34 - ilearn.lammps.calcs - INFO - 40/130/dump_out: No vacancies detected.
2025-06-17 21:34 - ilearn.lammps.calcs - INFO - 40/131/dump_out: No vacancies detected.
2025-06-17 21:34 - ilearn.lammps.calcs - INFO - 40/132/dump_out: No vacancies detected.
2025-06-17 21:34 - ilearn.lammps.calcs - INFO - 40/133/dump_out: No vacancies detected.
2025-06-17 21:34 - ilearn.lammps.calcs - INFO - 40/134/dump_out: No vacancies detected.
2025-06-17 21:34 - ilearn.lammps.calcs - INFO - 40/135/dump_out: No vacancies detected.
2025-06-17 21:34 - ilearn.lammps.calcs - INFO - 40/136/dump_out: No vacancies detected.
2025-06-17 21:34 - ilearn.lammps.calcs - INFO - 40/137/dump_out: No vacancies detected.
2025-06-17 21:34 - ilearn.lammps.calcs - INFO - 40/138/dump_out: No vacancies detected.
2025-06-17 21:34 - ilearn.lammps.calcs - INFO - 40/139/dump_out: No vacancies detected.
2025-06-17 21:34 - ilearn.lammps.calcs - INFO - 40/140/dump_out: No vacancies detected.
2025-06-17 21:34 - ilearn.lammps.calcs - INFO - 40/141/dump_out: No vacancies detected.
2025-06-17 21:34 - ilearn.lammps.calcs - INFO - 40/142/dump_out: No vacancies detected.
2025-06-17 21:34 - ilearn.lammps.calcs - INFO - 40/143/dump_out: No vacancies detected.
2025-06-17 21:34 - ilearn.lammps.calcs - INFO - 40/144/dump_out: No vacancies detected.
2025-06-17 21:34 - ilearn.lammps.calcs - INFO - 40/145/dump_out: No vacancies detected.
2025-06-17 21:34 - ilearn.lammps.calcs - INFO - 40/146/dump_out: No vacancies detected.
2025-06-17 21:34 - ilearn.lammps.calcs - INFO - 40/147/dump_out: No vacancies detected.
2025-06-17 21:34 - ilearn.lammps.calcs - INFO - 40/148/dump_out: No vacancies detected.
2025-06-17 21:34 - ilearn.lammps.calcs - INFO - 40/149/dump_out: No vacancies detected.
2025-06-17 21:34 - ilearn.lammps.calcs - INFO - 40/150/dump_out: No vacancies detected.
2025-06-17 21:34 - ilearn.lammps.calcs - INFO - 40/151/dump_out: No vacancies detected.
2025-06-17 21:34 - ilearn.lammps.calcs - INFO - 40/152/dump_out: No vacancies detected.
2025-06-17 21:34 - ilearn.lammps.calcs - INFO - 40/153/dump_out: No vacancies detected.
2025-06-17 23:49 - ilearn.lammps.calcs - INFO - 45/0/dump_out: No vacancies detected.
2025-06-17 23:49 - ilearn.lammps.calcs - INFO - 45/1/dump_out: No vacancies detected.
2025-06-17 23:49 - ilearn.lammps.calcs - INFO - 45/2/dump_out: Vacancy detected. Particle ID: 1292, Position: [27.36 24.48 21.6 ]
2025-06-17 23:49 - ilearn.lammps.calcs - INFO - 45/3/dump_out: No vacancies detected.
2025-06-17 23:49 - ilearn.lammps.calcs - INFO - 45/4/dump_out: No vacancies detected.
2025-06-17 23:49 - ilearn.lammps.calcs - INFO - 45/5/dump_out: No vacancies detected.
2025-06-17 23:49 - ilearn.lammps.calcs - INFO - 45/6/dump_out: No vacancies detected.
2025-06-17 23:49 - ilearn.lammps.calcs - INFO - 45/7/dump_out: No vacancies detected.
2025-06-17 23:49 - ilearn.lammps.calcs - INFO - 45/8/dump_out: No vacancies detected.
2025-06-17 23:49 - ilearn.lammps.calcs - INFO - 45/9/dump_out: No vacancies detected.
2025-06-17 23:49 - ilearn.lammps.calcs - INFO - 45/10/dump_out: No vacancies detected.
2025-06-17 23:49 - ilearn.lammps.calcs - INFO - 45/11/dump_out: No vacancies detected.
2025-06-17 23:49 - ilearn.lammps.calcs - INFO - 45/12/dump_out: No vacancies detected.
2025-06-17 23:49 - ilearn.lammps.calcs - INFO - 45/13/dump_out: No vacancies detected.
2025-06-17 23:49 - ilearn.lammps.calcs - INFO - 45/14/dump_out: No vacancies detected.
2025-06-17 23:49 - ilearn.lammps.calcs - INFO - 45/15/dump_out: No vacancies detected.
2025-06-17 23:49 - ilearn.lammps.calcs - INFO - 45/16/dump_out: No vacancies detected.
2025-06-17 23:49 - ilearn.lammps.calcs - INFO - 45/17/dump_out: No vacancies detected.
2025-06-17 23:49 - ilearn.lammps.calcs - INFO - 45/18/dump_out: No vacancies detected.
2025-06-17 23:49 - ilearn.lammps.calcs - INFO - 45/19/dump_out: No vacancies detected.
2025-06-17 23:49 - ilearn.lammps.calcs - INFO - 45/20/dump_out: No vacancies detected.
2025-06-17 23:49 - ilearn.lammps.calcs - INFO - 45/21/dump_out: No vacancies detected.
2025-06-17 23:49 - ilearn.lammps.calcs - INFO - 45/22/dump_out: No vacancies detected.
2025-06-17 23:49 - ilearn.lammps.calcs - INFO - 45/23/dump_out: No vacancies detected.
2025-06-17 23:49 - ilearn.lammps.calcs - INFO - 45/24/dump_out: No vacancies detected.
2025-06-17 23:49 - ilearn.lammps.calcs - INFO - 45/25/dump_out: No vacancies detected.
2025-06-17 23:49 - ilearn.lammps.calcs - INFO - 45/26/dump_out: No vacancies detected.
2025-06-17 23:49 - ilearn.lammps.calcs - INFO - 45/27/dump_out: No vacancies detected.
2025-06-17 23:49 - ilearn.lammps.calcs - INFO - 45/28/dump_out: No vacancies detected.
2025-06-17 23:49 - ilearn.lammps.calcs - INFO - 45/29/dump_out: No vacancies detected.
2025-06-17 23:49 - ilearn.lammps.calcs - INFO - 45/30/dump_out: No vacancies detected.
2025-06-17 23:49 - ilearn.lammps.calcs - INFO - 45/31/dump_out: No vacancies detected.
2025-06-17 23:49 - ilearn.lammps.calcs - INFO - 45/32/dump_out: No vacancies detected.
2025-06-17 23:49 - ilearn.lammps.calcs - INFO - 45/33/dump_out: No vacancies detected.
2025-06-17 23:49 - ilearn.lammps.calcs - INFO - 45/34/dump_out: No vacancies detected.
2025-06-17 23:49 - ilearn.lammps.calcs - INFO - 45/35/dump_out: No vacancies detected.
2025-06-17 23:49 - ilearn.lammps.calcs - INFO - 45/36/dump_out: No vacancies detected.
2025-06-17 23:49 - ilearn.lammps.calcs - INFO - 45/37/dump_out: No vacancies detected.
2025-06-17 23:49 - ilearn.lammps.calcs - INFO - 45/38/dump_out: No vacancies detected.
2025-06-17 23:49 - ilearn.lammps.calcs - INFO - 45/39/dump_out: No vacancies detected.
2025-06-17 23:49 - ilearn.lammps.calcs - INFO - 45/40/dump_out: No vacancies detected.
2025-06-17 23:49 - ilearn.lammps.calcs - INFO - 45/41/dump_out: No vacancies detected.
2025-06-17 23:49 - ilearn.lammps.calcs - INFO - 45/42/dump_out: No vacancies detected.
2025-06-17 23:49 - ilearn.lammps.calcs - INFO - 45/43/dump_out: No vacancies detected.
2025-06-17 23:49 - ilearn.lammps.calcs - INFO - 45/44/dump_out: No vacancies detected.
2025-06-17 23:49 - ilearn.lammps.calcs - INFO - 45/45/dump_out: No vacancies detected.
2025-06-17 23:49 - ilearn.lammps.calcs - INFO - 45/46/dump_out: No vacancies detected.
2025-06-17 23:49 - ilearn.lammps.calcs - INFO - 45/47/dump_out: No vacancies detected.
2025-06-17 23:49 - ilearn.lammps.calcs - INFO - 45/48/dump_out: No vacancies detected.
2025-06-17 23:49 - ilearn.lammps.calcs - INFO - 45/49/dump_out: No vacancies detected.
2025-06-17 23:49 - ilearn.lammps.calcs - INFO - 45/50/dump_out: No vacancies detected.
2025-06-17 23:49 - ilearn.lammps.calcs - INFO - 45/51/dump_out: No vacancies detected.
2025-06-17 23:49 - ilearn.lammps.calcs - INFO - 45/52/dump_out: No vacancies detected.
2025-06-17 23:49 - ilearn.lammps.calcs - INFO - 45/53/dump_out: No vacancies detected.
2025-06-17 23:49 - ilearn.lammps.calcs - INFO - 45/54/dump_out: No vacancies detected.
2025-06-17 23:49 - ilearn.lammps.calcs - INFO - 45/55/dump_out: No vacancies detected.
2025-06-17 23:49 - ilearn.lammps.calcs - INFO - 45/56/dump_out: No vacancies detected.
2025-06-17 23:49 - ilearn.lammps.calcs - INFO - 45/57/dump_out: No vacancies detected.
2025-06-17 23:49 - ilearn.lammps.calcs - INFO - 45/58/dump_out: No vacancies detected.
2025-06-17 23:49 - ilearn.lammps.calcs - INFO - 45/59/dump_out: No vacancies detected.
2025-06-17 23:49 - ilearn.lammps.calcs - INFO - 45/60/dump_out: No vacancies detected.
2025-06-17 23:49 - ilearn.lammps.calcs - INFO - 45/61/dump_out: No vacancies detected.
2025-06-17 23:49 - ilearn.lammps.calcs - INFO - 45/62/dump_out: No vacancies detected.
2025-06-17 23:49 - ilearn.lammps.calcs - INFO - 45/63/dump_out: No vacancies detected.
2025-06-17 23:49 - ilearn.lammps.calcs - INFO - 45/64/dump_out: No vacancies detected.
2025-06-17 23:49 - ilearn.lammps.calcs - INFO - 45/65/dump_out: No vacancies detected.
2025-06-17 23:49 - ilearn.lammps.calcs - INFO - 45/66/dump_out: No vacancies detected.
2025-06-17 23:49 - ilearn.lammps.calcs - INFO - 45/67/dump_out: No vacancies detected.
2025-06-17 23:49 - ilearn.lammps.calcs - INFO - 45/68/dump_out: No vacancies detected.
2025-06-17 23:49 - ilearn.lammps.calcs - INFO - 45/69/dump_out: No vacancies detected.
2025-06-17 23:49 - ilearn.lammps.calcs - INFO - 45/70/dump_out: No vacancies detected.
2025-06-17 23:49 - ilearn.lammps.calcs - INFO - 45/71/dump_out: No vacancies detected.
2025-06-17 23:49 - ilearn.lammps.calcs - INFO - 45/72/dump_out: No vacancies detected.
2025-06-17 23:49 - ilearn.lammps.calcs - INFO - 45/73/dump_out: No vacancies detected.
2025-06-17 23:49 - ilearn.lammps.calcs - INFO - 45/74/dump_out: No vacancies detected.
2025-06-17 23:49 - ilearn.lammps.calcs - INFO - 45/75/dump_out: No vacancies detected.
2025-06-17 23:49 - ilearn.lammps.calcs - INFO - 45/76/dump_out: No vacancies detected.
2025-06-17 23:49 - ilearn.lammps.calcs - INFO - 45/77/dump_out: No vacancies detected.
2025-06-17 23:49 - ilearn.lammps.calcs - INFO - 45/78/dump_out: No vacancies detected.
2025-06-17 23:49 - ilearn.lammps.calcs - INFO - 45/79/dump_out: No vacancies detected.
2025-06-17 23:49 - ilearn.lammps.calcs - INFO - 45/80/dump_out: No vacancies detected.
2025-06-17 23:49 - ilearn.lammps.calcs - INFO - 45/81/dump_out: No vacancies detected.
2025-06-17 23:49 - ilearn.lammps.calcs - INFO - 45/82/dump_out: No vacancies detected.
2025-06-17 23:49 - ilearn.lammps.calcs - INFO - 45/83/dump_out: No vacancies detected.
2025-06-17 23:49 - ilearn.lammps.calcs - INFO - 45/84/dump_out: No vacancies detected.
2025-06-17 23:49 - ilearn.lammps.calcs - INFO - 45/85/dump_out: No vacancies detected.
2025-06-17 23:49 - ilearn.lammps.calcs - INFO - 45/86/dump_out: No vacancies detected.
2025-06-17 23:49 - ilearn.lammps.calcs - INFO - 45/87/dump_out: No vacancies detected.
2025-06-17 23:49 - ilearn.lammps.calcs - INFO - 45/88/dump_out: No vacancies detected.
2025-06-17 23:49 - ilearn.lammps.calcs - INFO - 45/89/dump_out: No vacancies detected.
2025-06-17 23:49 - ilearn.lammps.calcs - INFO - 45/90/dump_out: Vacancy detected. Particle ID: 1292, Position: [27.36 24.48 21.6 ]
2025-06-17 23:49 - ilearn.lammps.calcs - INFO - 45/91/dump_out: No vacancies detected.
2025-06-17 23:49 - ilearn.lammps.calcs - INFO - 45/92/dump_out: No vacancies detected.
2025-06-17 23:49 - ilearn.lammps.calcs - INFO - 45/93/dump_out: Vacancy detected. Particle ID: 1292, Position: [27.36 24.48 21.6 ]
2025-06-17 23:49 - ilearn.lammps.calcs - INFO - 45/94/dump_out: Vacancy detected. Particle ID: 1292, Position: [27.36 24.48 21.6 ]
2025-06-17 23:49 - ilearn.lammps.calcs - INFO - 45/95/dump_out: Vacancy detected. Particle ID: 1292, Position: [27.36 24.48 21.6 ]
2025-06-17 23:49 - ilearn.lammps.calcs - INFO - 45/96/dump_out: Vacancy detected. Particle ID: 1292, Position: [27.36 24.48 21.6 ]
2025-06-17 23:49 - ilearn.lammps.calcs - INFO - 45/97/dump_out: Vacancy detected. Particle ID: 1292, Position: [27.36 24.48 21.6 ]
2025-06-17 23:49 - ilearn.lammps.calcs - INFO - 45/98/dump_out: Vacancy detected. Particle ID: 1292, Position: [27.36 24.48 21.6 ]
2025-06-17 23:49 - ilearn.lammps.calcs - INFO - 45/99/dump_out: Vacancy detected. Particle ID: 1292, Position: [27.36 24.48 21.6 ]
2025-06-17 23:49 - ilearn.lammps.calcs - INFO - 45/100/dump_out: Vacancy detected. Particle ID: 1292, Position: [27.36 24.48 21.6 ]
2025-06-17 23:49 - ilearn.lammps.calcs - INFO - 45/101/dump_out: Vacancy detected. Particle ID: 1292, Position: [27.36 24.48 21.6 ]
2025-06-17 23:49 - ilearn.lammps.calcs - INFO - 45/102/dump_out: Vacancy detected. Particle ID: 1292, Position: [27.36 24.48 21.6 ]
2025-06-17 23:49 - ilearn.lammps.calcs - INFO - 45/103/dump_out: Vacancy detected. Particle ID: 1292, Position: [27.36 24.48 21.6 ]
2025-06-17 23:49 - ilearn.lammps.calcs - INFO - 45/104/dump_out: Vacancy detected. Particle ID: 1292, Position: [27.36 24.48 21.6 ]
2025-06-17 23:49 - ilearn.lammps.calcs - INFO - 45/105/dump_out: No vacancies detected.
2025-06-17 23:49 - ilearn.lammps.calcs - INFO - 45/106/dump_out: No vacancies detected.
2025-06-17 23:49 - ilearn.lammps.calcs - INFO - 45/107/dump_out: No vacancies detected.
2025-06-17 23:49 - ilearn.lammps.calcs - INFO - 45/108/dump_out: No vacancies detected.
2025-06-17 23:49 - ilearn.lammps.calcs - INFO - 45/109/dump_out: No vacancies detected.
2025-06-17 23:49 - ilearn.lammps.calcs - INFO - 45/110/dump_out: No vacancies detected.
2025-06-17 23:49 - ilearn.lammps.calcs - INFO - 45/111/dump_out: Vacancy detected. Particle ID: 1292, Position: [27.36 24.48 21.6 ]
2025-06-17 23:49 - ilearn.lammps.calcs - INFO - 45/112/dump_out: Vacancy detected. Particle ID: 1292, Position: [27.36 24.48 21.6 ]
2025-06-17 23:49 - ilearn.lammps.calcs - INFO - 45/113/dump_out: No vacancies detected.
2025-06-17 23:49 - ilearn.lammps.calcs - INFO - 45/114/dump_out: No vacancies detected.
2025-06-17 23:49 - ilearn.lammps.calcs - INFO - 45/115/dump_out: No vacancies detected.
2025-06-17 23:49 - ilearn.lammps.calcs - INFO - 45/116/dump_out: No vacancies detected.
2025-06-17 23:49 - ilearn.lammps.calcs - INFO - 45/117/dump_out: No vacancies detected.
2025-06-17 23:49 - ilearn.lammps.calcs - INFO - 45/118/dump_out: No vacancies detected.
2025-06-17 23:49 - ilearn.lammps.calcs - INFO - 45/119/dump_out: No vacancies detected.
2025-06-17 23:49 - ilearn.lammps.calcs - INFO - 45/120/dump_out: No vacancies detected.
2025-06-17 23:49 - ilearn.lammps.calcs - INFO - 45/121/dump_out: No vacancies detected.
2025-06-17 23:49 - ilearn.lammps.calcs - INFO - 45/122/dump_out: No vacancies detected.
2025-06-17 23:49 - ilearn.lammps.calcs - INFO - 45/123/dump_out: No vacancies detected.
2025-06-17 23:49 - ilearn.lammps.calcs - INFO - 45/124/dump_out: No vacancies detected.
2025-06-17 23:49 - ilearn.lammps.calcs - INFO - 45/125/dump_out: No vacancies detected.
2025-06-17 23:49 - ilearn.lammps.calcs - INFO - 45/126/dump_out: No vacancies detected.
2025-06-17 23:49 - ilearn.lammps.calcs - INFO - 45/127/dump_out: No vacancies detected.
2025-06-17 23:49 - ilearn.lammps.calcs - INFO - 45/128/dump_out: No vacancies detected.
2025-06-17 23:49 - ilearn.lammps.calcs - INFO - 45/129/dump_out: Vacancy detected. Particle ID: 1292, Position: [27.36 24.48 21.6 ]
2025-06-17 23:49 - ilearn.lammps.calcs - INFO - 45/130/dump_out: No vacancies detected.
2025-06-17 23:49 - ilearn.lammps.calcs - INFO - 45/131/dump_out: No vacancies detected.
2025-06-17 23:49 - ilearn.lammps.calcs - INFO - 45/132/dump_out: No vacancies detected.
2025-06-17 23:49 - ilearn.lammps.calcs - INFO - 45/133/dump_out: No vacancies detected.
2025-06-17 23:49 - ilearn.lammps.calcs - INFO - 45/134/dump_out: No vacancies detected.
2025-06-17 23:49 - ilearn.lammps.calcs - INFO - 45/135/dump_out: No vacancies detected.
2025-06-17 23:49 - ilearn.lammps.calcs - INFO - 45/136/dump_out: No vacancies detected.
2025-06-17 23:49 - ilearn.lammps.calcs - INFO - 45/137/dump_out: No vacancies detected.
2025-06-17 23:49 - ilearn.lammps.calcs - INFO - 45/138/dump_out: No vacancies detected.
2025-06-17 23:49 - ilearn.lammps.calcs - INFO - 45/139/dump_out: No vacancies detected.
2025-06-17 23:49 - ilearn.lammps.calcs - INFO - 45/140/dump_out: No vacancies detected.
2025-06-17 23:49 - ilearn.lammps.calcs - INFO - 45/141/dump_out: No vacancies detected.
2025-06-17 23:49 - ilearn.lammps.calcs - INFO - 45/142/dump_out: No vacancies detected.
2025-06-17 23:49 - ilearn.lammps.calcs - INFO - 45/143/dump_out: No vacancies detected.
2025-06-17 23:49 - ilearn.lammps.calcs - INFO - 45/144/dump_out: No vacancies detected.
2025-06-17 23:49 - ilearn.lammps.calcs - INFO - 45/145/dump_out: No vacancies detected.
2025-06-17 23:49 - ilearn.lammps.calcs - INFO - 45/146/dump_out: No vacancies detected.
2025-06-17 23:49 - ilearn.lammps.calcs - INFO - 45/147/dump_out: No vacancies detected.
2025-06-17 23:49 - ilearn.lammps.calcs - INFO - 45/148/dump_out: No vacancies detected.
2025-06-17 23:49 - ilearn.lammps.calcs - INFO - 45/149/dump_out: No vacancies detected.
2025-06-17 23:49 - ilearn.lammps.calcs - INFO - 45/150/dump_out: No vacancies detected.
2025-06-17 23:49 - ilearn.lammps.calcs - INFO - 45/151/dump_out: No vacancies detected.
2025-06-17 23:49 - ilearn.lammps.calcs - INFO - 45/152/dump_out: No vacancies detected.
2025-06-17 23:49 - ilearn.lammps.calcs - INFO - 45/153/dump_out: No vacancies detected.
2025-06-18 02:04 - ilearn.lammps.calcs - INFO - 50/0/dump_out: No vacancies detected.
2025-06-18 02:04 - ilearn.lammps.calcs - INFO - 50/1/dump_out: No vacancies detected.
2025-06-18 02:04 - ilearn.lammps.calcs - INFO - 50/3/dump_out: No vacancies detected.
2025-06-18 02:04 - ilearn.lammps.calcs - INFO - 50/4/dump_out: No vacancies detected.
2025-06-18 02:04 - ilearn.lammps.calcs - INFO - 50/5/dump_out: Vacancy detected. Particle ID: 1292, Position: [27.36 24.48 21.6 ]
2025-06-18 02:04 - ilearn.lammps.calcs - INFO - 50/6/dump_out: No vacancies detected.
2025-06-18 02:04 - ilearn.lammps.calcs - INFO - 50/7/dump_out: No vacancies detected.
2025-06-18 02:04 - ilearn.lammps.calcs - INFO - 50/8/dump_out: No vacancies detected.
2025-06-18 02:04 - ilearn.lammps.calcs - INFO - 50/9/dump_out: No vacancies detected.
2025-06-18 02:04 - ilearn.lammps.calcs - INFO - 50/10/dump_out: No vacancies detected.
2025-06-18 02:04 - ilearn.lammps.calcs - INFO - 50/11/dump_out: No vacancies detected.
2025-06-18 02:04 - ilearn.lammps.calcs - INFO - 50/12/dump_out: No vacancies detected.
2025-06-18 02:04 - ilearn.lammps.calcs - INFO - 50/13/dump_out: No vacancies detected.
2025-06-18 02:04 - ilearn.lammps.calcs - INFO - 50/14/dump_out: No vacancies detected.
2025-06-18 02:04 - ilearn.lammps.calcs - INFO - 50/15/dump_out: No vacancies detected.
2025-06-18 02:04 - ilearn.lammps.calcs - INFO - 50/16/dump_out: No vacancies detected.
2025-06-18 02:04 - ilearn.lammps.calcs - INFO - 50/17/dump_out: No vacancies detected.
2025-06-18 02:04 - ilearn.lammps.calcs - INFO - 50/18/dump_out: No vacancies detected.
2025-06-18 02:04 - ilearn.lammps.calcs - INFO - 50/19/dump_out: No vacancies detected.
2025-06-18 02:04 - ilearn.lammps.calcs - INFO - 50/20/dump_out: No vacancies detected.
2025-06-18 02:04 - ilearn.lammps.calcs - INFO - 50/21/dump_out: No vacancies detected.
2025-06-18 02:04 - ilearn.lammps.calcs - INFO - 50/22/dump_out: No vacancies detected.
2025-06-18 02:04 - ilearn.lammps.calcs - INFO - 50/23/dump_out: No vacancies detected.
2025-06-18 02:04 - ilearn.lammps.calcs - INFO - 50/24/dump_out: No vacancies detected.
2025-06-18 02:04 - ilearn.lammps.calcs - INFO - 50/25/dump_out: No vacancies detected.
2025-06-18 02:04 - ilearn.lammps.calcs - INFO - 50/26/dump_out: No vacancies detected.
2025-06-18 02:04 - ilearn.lammps.calcs - INFO - 50/27/dump_out: No vacancies detected.
2025-06-18 02:04 - ilearn.lammps.calcs - INFO - 50/28/dump_out: No vacancies detected.
2025-06-18 02:04 - ilearn.lammps.calcs - INFO - 50/29/dump_out: No vacancies detected.
2025-06-18 02:04 - ilearn.lammps.calcs - INFO - 50/30/dump_out: No vacancies detected.
2025-06-18 02:04 - ilearn.lammps.calcs - INFO - 50/31/dump_out: No vacancies detected.
2025-06-18 02:04 - ilearn.lammps.calcs - INFO - 50/32/dump_out: No vacancies detected.
2025-06-18 02:04 - ilearn.lammps.calcs - INFO - 50/33/dump_out: No vacancies detected.
2025-06-18 02:04 - ilearn.lammps.calcs - INFO - 50/34/dump_out: No vacancies detected.
2025-06-18 02:04 - ilearn.lammps.calcs - INFO - 50/35/dump_out: No vacancies detected.
2025-06-18 02:04 - ilearn.lammps.calcs - INFO - 50/36/dump_out: No vacancies detected.
2025-06-18 02:04 - ilearn.lammps.calcs - INFO - 50/37/dump_out: No vacancies detected.
2025-06-18 02:04 - ilearn.lammps.calcs - INFO - 50/38/dump_out: No vacancies detected.
2025-06-18 02:04 - ilearn.lammps.calcs - INFO - 50/39/dump_out: No vacancies detected.
2025-06-18 02:04 - ilearn.lammps.calcs - INFO - 50/40/dump_out: No vacancies detected.
2025-06-18 02:04 - ilearn.lammps.calcs - INFO - 50/41/dump_out: No vacancies detected.
2025-06-18 02:04 - ilearn.lammps.calcs - INFO - 50/42/dump_out: No vacancies detected.
2025-06-18 02:04 - ilearn.lammps.calcs - INFO - 50/43/dump_out: No vacancies detected.
2025-06-18 02:04 - ilearn.lammps.calcs - INFO - 50/44/dump_out: No vacancies detected.
2025-06-18 02:04 - ilearn.lammps.calcs - INFO - 50/45/dump_out: No vacancies detected.
2025-06-18 02:04 - ilearn.lammps.calcs - INFO - 50/46/dump_out: No vacancies detected.
2025-06-18 02:04 - ilearn.lammps.calcs - INFO - 50/47/dump_out: No vacancies detected.
2025-06-18 02:04 - ilearn.lammps.calcs - INFO - 50/48/dump_out: No vacancies detected.
2025-06-18 02:04 - ilearn.lammps.calcs - INFO - 50/49/dump_out: No vacancies detected.
2025-06-18 02:04 - ilearn.lammps.calcs - INFO - 50/50/dump_out: No vacancies detected.
2025-06-18 02:04 - ilearn.lammps.calcs - INFO - 50/51/dump_out: No vacancies detected.
2025-06-18 02:04 - ilearn.lammps.calcs - INFO - 50/52/dump_out: No vacancies detected.
2025-06-18 02:04 - ilearn.lammps.calcs - INFO - 50/53/dump_out: No vacancies detected.
2025-06-18 02:04 - ilearn.lammps.calcs - INFO - 50/54/dump_out: No vacancies detected.
2025-06-18 02:04 - ilearn.lammps.calcs - INFO - 50/55/dump_out: No vacancies detected.
2025-06-18 02:04 - ilearn.lammps.calcs - INFO - 50/56/dump_out: No vacancies detected.
2025-06-18 02:04 - ilearn.lammps.calcs - INFO - 50/57/dump_out: No vacancies detected.
2025-06-18 02:04 - ilearn.lammps.calcs - INFO - 50/58/dump_out: No vacancies detected.
2025-06-18 02:04 - ilearn.lammps.calcs - INFO - 50/59/dump_out: No vacancies detected.
2025-06-18 02:04 - ilearn.lammps.calcs - INFO - 50/60/dump_out: No vacancies detected.
2025-06-18 02:04 - ilearn.lammps.calcs - INFO - 50/61/dump_out: No vacancies detected.
2025-06-18 02:04 - ilearn.lammps.calcs - INFO - 50/62/dump_out: No vacancies detected.
2025-06-18 02:04 - ilearn.lammps.calcs - INFO - 50/63/dump_out: No vacancies detected.
2025-06-18 02:04 - ilearn.lammps.calcs - INFO - 50/64/dump_out: No vacancies detected.
2025-06-18 02:04 - ilearn.lammps.calcs - INFO - 50/65/dump_out: No vacancies detected.
2025-06-18 02:04 - ilearn.lammps.calcs - INFO - 50/66/dump_out: No vacancies detected.
2025-06-18 02:04 - ilearn.lammps.calcs - INFO - 50/67/dump_out: No vacancies detected.
2025-06-18 02:04 - ilearn.lammps.calcs - INFO - 50/68/dump_out: No vacancies detected.
2025-06-18 02:04 - ilearn.lammps.calcs - INFO - 50/69/dump_out: No vacancies detected.
2025-06-18 02:04 - ilearn.lammps.calcs - INFO - 50/70/dump_out: No vacancies detected.
2025-06-18 02:04 - ilearn.lammps.calcs - INFO - 50/71/dump_out: No vacancies detected.
2025-06-18 02:04 - ilearn.lammps.calcs - INFO - 50/72/dump_out: No vacancies detected.
2025-06-18 02:04 - ilearn.lammps.calcs - INFO - 50/73/dump_out: No vacancies detected.
2025-06-18 02:04 - ilearn.lammps.calcs - INFO - 50/74/dump_out: No vacancies detected.
2025-06-18 02:04 - ilearn.lammps.calcs - INFO - 50/75/dump_out: No vacancies detected.
2025-06-18 02:04 - ilearn.lammps.calcs - INFO - 50/76/dump_out: No vacancies detected.
2025-06-18 02:04 - ilearn.lammps.calcs - INFO - 50/77/dump_out: No vacancies detected.
2025-06-18 02:04 - ilearn.lammps.calcs - INFO - 50/78/dump_out: Vacancy detected. Particle ID: 1292, Position: [27.36 24.48 21.6 ]
2025-06-18 02:04 - ilearn.lammps.calcs - INFO - 50/79/dump_out: Vacancy detected. Particle ID: 1292, Position: [27.36 24.48 21.6 ]
2025-06-18 02:04 - ilearn.lammps.calcs - INFO - 50/80/dump_out: No vacancies detected.
2025-06-18 02:04 - ilearn.lammps.calcs - INFO - 50/81/dump_out: No vacancies detected.
2025-06-18 02:04 - ilearn.lammps.calcs - INFO - 50/82/dump_out: No vacancies detected.
2025-06-18 02:04 - ilearn.lammps.calcs - INFO - 50/83/dump_out: No vacancies detected.
2025-06-18 02:04 - ilearn.lammps.calcs - INFO - 50/84/dump_out: No vacancies detected.
2025-06-18 02:04 - ilearn.lammps.calcs - INFO - 50/85/dump_out: No vacancies detected.
2025-06-18 02:04 - ilearn.lammps.calcs - INFO - 50/86/dump_out: No vacancies detected.
2025-06-18 02:04 - ilearn.lammps.calcs - INFO - 50/87/dump_out: No vacancies detected.
2025-06-18 02:04 - ilearn.lammps.calcs - INFO - 50/88/dump_out: No vacancies detected.
2025-06-18 02:04 - ilearn.lammps.calcs - INFO - 50/89/dump_out: No vacancies detected.
2025-06-18 02:04 - ilearn.lammps.calcs - INFO - 50/91/dump_out: Vacancy detected. Particle ID: 1202, Position: [25.92 23.04 20.16]
2025-06-18 02:04 - ilearn.lammps.calcs - INFO - 50/92/dump_out: Vacancy detected. Particle ID: 1292, Position: [27.36 24.48 21.6 ]
2025-06-18 02:04 - ilearn.lammps.calcs - INFO - 50/105/dump_out: Vacancy detected. Particle ID: 1292, Position: [27.36 24.48 21.6 ]
2025-06-18 02:04 - ilearn.lammps.calcs - INFO - 50/106/dump_out: Vacancy detected. Particle ID: 1292, Position: [27.36 24.48 21.6 ]
2025-06-18 02:04 - ilearn.lammps.calcs - INFO - 50/107/dump_out: Vacancy detected. Particle ID: 1292, Position: [27.36 24.48 21.6 ]
2025-06-18 02:04 - ilearn.lammps.calcs - INFO - 50/108/dump_out: Vacancy detected. Particle ID: 1292, Position: [27.36 24.48 21.6 ]
2025-06-18 02:04 - ilearn.lammps.calcs - INFO - 50/109/dump_out: Vacancy detected. Particle ID: 1292, Position: [27.36 24.48 21.6 ]
2025-06-18 02:04 - ilearn.lammps.calcs - INFO - 50/110/dump_out: Vacancy detected. Particle ID: 1292, Position: [27.36 24.48 21.6 ]
2025-06-18 02:04 - ilearn.lammps.calcs - INFO - 50/113/dump_out: Vacancy detected. Particle ID: 1292, Position: [27.36 24.48 21.6 ]
2025-06-18 02:04 - ilearn.lammps.calcs - INFO - 50/114/dump_out: Vacancy detected. Particle ID: 1292, Position: [27.36 24.48 21.6 ]
2025-06-18 02:04 - ilearn.lammps.calcs - INFO - 50/115/dump_out: Vacancy detected. Particle ID: 1292, Position: [27.36 24.48 21.6 ]
2025-06-18 02:04 - ilearn.lammps.calcs - INFO - 50/116/dump_out: Vacancy detected. Particle ID: 1292, Position: [27.36 24.48 21.6 ]
2025-06-18 02:04 - ilearn.lammps.calcs - INFO - 50/117/dump_out: Vacancy detected. Particle ID: 1292, Position: [27.36 24.48 21.6 ]
2025-06-18 02:04 - ilearn.lammps.calcs - INFO - 50/118/dump_out: Vacancy detected. Particle ID: 1292, Position: [27.36 24.48 21.6 ]
2025-06-18 02:04 - ilearn.lammps.calcs - INFO - 50/119/dump_out: Vacancy detected. Particle ID: 1292, Position: [27.36 24.48 21.6 ]
2025-06-18 02:04 - ilearn.lammps.calcs - INFO - 50/120/dump_out: No vacancies detected.
2025-06-18 02:04 - ilearn.lammps.calcs - INFO - 50/121/dump_out: Vacancy detected. Particle ID: 1278, Position: [24.48 21.6  21.6 ]
2025-06-18 02:04 - ilearn.lammps.calcs - INFO - 50/122/dump_out: Vacancy detected. Particle ID: 1292, Position: [27.36 24.48 21.6 ]
2025-06-18 02:04 - ilearn.lammps.calcs - INFO - 50/123/dump_out: Vacancy detected. Particle ID: 1292, Position: [27.36 24.48 21.6 ]
2025-06-18 02:04 - ilearn.lammps.calcs - INFO - 50/124/dump_out: Vacancy detected. Particle ID: 1292, Position: [27.36 24.48 21.6 ]
2025-06-18 02:04 - ilearn.lammps.calcs - INFO - 50/125/dump_out: Vacancy detected. Particle ID: 1292, Position: [27.36 24.48 21.6 ]
2025-06-18 02:04 - ilearn.lammps.calcs - INFO - 50/126/dump_out: Vacancy detected. Particle ID: 1292, Position: [27.36 24.48 21.6 ]
2025-06-18 02:04 - ilearn.lammps.calcs - INFO - 50/127/dump_out: Vacancy detected. Particle ID: 1292, Position: [27.36 24.48 21.6 ]
2025-06-18 02:04 - ilearn.lammps.calcs - INFO - 50/128/dump_out: Vacancy detected. Particle ID: 1292, Position: [27.36 24.48 21.6 ]
2025-06-18 02:04 - ilearn.lammps.calcs - INFO - 50/130/dump_out: Vacancy detected. Particle ID: 1292, Position: [27.36 24.48 21.6 ]
2025-06-18 02:04 - ilearn.lammps.calcs - INFO - 50/131/dump_out: Vacancy detected. Particle ID: 1292, Position: [27.36 24.48 21.6 ]
2025-06-18 02:04 - ilearn.lammps.calcs - INFO - 50/132/dump_out: No vacancies detected.
2025-06-18 02:04 - ilearn.lammps.calcs - INFO - 50/133/dump_out: No vacancies detected.
2025-06-18 02:04 - ilearn.lammps.calcs - INFO - 50/134/dump_out: No vacancies detected.
2025-06-18 02:05 - ilearn.lammps.calcs - INFO - 50/135/dump_out: No vacancies detected.
2025-06-18 02:05 - ilearn.lammps.calcs - INFO - 50/136/dump_out: No vacancies detected.
2025-06-18 02:05 - ilearn.lammps.calcs - INFO - 50/137/dump_out: No vacancies detected.
2025-06-18 02:05 - ilearn.lammps.calcs - INFO - 50/138/dump_out: No vacancies detected.
2025-06-18 02:05 - ilearn.lammps.calcs - INFO - 50/139/dump_out: No vacancies detected.
2025-06-18 02:05 - ilearn.lammps.calcs - INFO - 50/140/dump_out: No vacancies detected.
2025-06-18 02:05 - ilearn.lammps.calcs - INFO - 50/141/dump_out: No vacancies detected.
2025-06-18 02:05 - ilearn.lammps.calcs - INFO - 50/142/dump_out: No vacancies detected.
2025-06-18 02:05 - ilearn.lammps.calcs - INFO - 50/143/dump_out: No vacancies detected.
2025-06-18 02:05 - ilearn.lammps.calcs - INFO - 50/144/dump_out: No vacancies detected.
2025-06-18 02:05 - ilearn.lammps.calcs - INFO - 50/145/dump_out: Vacancy detected. Particle ID: 1292, Position: [27.36 24.48 21.6 ]
2025-06-18 02:05 - ilearn.lammps.calcs - INFO - 50/146/dump_out: No vacancies detected.
2025-06-18 02:05 - ilearn.lammps.calcs - INFO - 50/147/dump_out: Vacancy detected. Particle ID: 1292, Position: [27.36 24.48 21.6 ]
2025-06-18 02:05 - ilearn.lammps.calcs - INFO - 50/148/dump_out: No vacancies detected.
2025-06-18 02:05 - ilearn.lammps.calcs - INFO - 50/149/dump_out: No vacancies detected.
2025-06-18 02:05 - ilearn.lammps.calcs - INFO - 50/150/dump_out: No vacancies detected.
2025-06-18 02:05 - ilearn.lammps.calcs - INFO - 50/151/dump_out: No vacancies detected.
2025-06-18 02:05 - ilearn.lammps.calcs - INFO - 50/152/dump_out: No vacancies detected.
2025-06-18 02:05 - ilearn.lammps.calcs - INFO - 50/153/dump_out: No vacancies detected.
2025-06-18 04:20 - ilearn.lammps.calcs - INFO - 55/0/dump_out: Vacancy detected. Particle ID: 1202, Position: [25.92 23.04 20.16]
2025-06-18 04:20 - ilearn.lammps.calcs - INFO - 55/1/dump_out: No vacancies detected.
2025-06-18 04:20 - ilearn.lammps.calcs - INFO - 55/3/dump_out: No vacancies detected.
2025-06-18 04:20 - ilearn.lammps.calcs - INFO - 55/4/dump_out: No vacancies detected.
2025-06-18 04:20 - ilearn.lammps.calcs - INFO - 55/6/dump_out: No vacancies detected.
2025-06-18 04:20 - ilearn.lammps.calcs - INFO - 55/7/dump_out: No vacancies detected.
2025-06-18 04:20 - ilearn.lammps.calcs - INFO - 55/8/dump_out: No vacancies detected.
2025-06-18 04:20 - ilearn.lammps.calcs - INFO - 55/9/dump_out: No vacancies detected.
2025-06-18 04:20 - ilearn.lammps.calcs - INFO - 55/10/dump_out: Vacancy detected. Particle ID: 1292, Position: [27.36 24.48 21.6 ]
2025-06-18 04:20 - ilearn.lammps.calcs - INFO - 55/11/dump_out: No vacancies detected.
2025-06-18 04:20 - ilearn.lammps.calcs - INFO - 55/12/dump_out: Vacancy detected. Particle ID: 1292, Position: [27.36 24.48 21.6 ]
2025-06-18 04:20 - ilearn.lammps.calcs - INFO - 55/13/dump_out: Vacancy detected. Particle ID: 1292, Position: [27.36 24.48 21.6 ]
2025-06-18 04:20 - ilearn.lammps.calcs - INFO - 55/14/dump_out: Vacancy detected. Particle ID: 1292, Position: [27.36 24.48 21.6 ]
2025-06-18 04:20 - ilearn.lammps.calcs - INFO - 55/15/dump_out: No vacancies detected.
2025-06-18 04:20 - ilearn.lammps.calcs - INFO - 55/16/dump_out: No vacancies detected.
2025-06-18 04:20 - ilearn.lammps.calcs - INFO - 55/17/dump_out: No vacancies detected.
2025-06-18 04:20 - ilearn.lammps.calcs - INFO - 55/18/dump_out: No vacancies detected.
2025-06-18 04:20 - ilearn.lammps.calcs - INFO - 55/19/dump_out: No vacancies detected.
2025-06-18 04:20 - ilearn.lammps.calcs - INFO - 55/20/dump_out: No vacancies detected.
2025-06-18 04:20 - ilearn.lammps.calcs - INFO - 55/21/dump_out: No vacancies detected.
2025-06-18 04:20 - ilearn.lammps.calcs - INFO - 55/22/dump_out: No vacancies detected.
2025-06-18 04:20 - ilearn.lammps.calcs - INFO - 55/23/dump_out: No vacancies detected.
2025-06-18 04:20 - ilearn.lammps.calcs - INFO - 55/24/dump_out: No vacancies detected.
2025-06-18 04:20 - ilearn.lammps.calcs - INFO - 55/25/dump_out: No vacancies detected.
2025-06-18 04:20 - ilearn.lammps.calcs - INFO - 55/26/dump_out: No vacancies detected.
2025-06-18 04:20 - ilearn.lammps.calcs - INFO - 55/27/dump_out: No vacancies detected.
2025-06-18 04:20 - ilearn.lammps.calcs - INFO - 55/28/dump_out: No vacancies detected.
2025-06-18 04:20 - ilearn.lammps.calcs - INFO - 55/29/dump_out: No vacancies detected.
2025-06-18 04:20 - ilearn.lammps.calcs - INFO - 55/30/dump_out: No vacancies detected.
2025-06-18 04:20 - ilearn.lammps.calcs - INFO - 55/31/dump_out: No vacancies detected.
2025-06-18 04:20 - ilearn.lammps.calcs - INFO - 55/32/dump_out: No vacancies detected.
2025-06-18 04:20 - ilearn.lammps.calcs - INFO - 55/33/dump_out: No vacancies detected.
2025-06-18 04:20 - ilearn.lammps.calcs - INFO - 55/34/dump_out: No vacancies detected.
2025-06-18 04:20 - ilearn.lammps.calcs - INFO - 55/35/dump_out: No vacancies detected.
2025-06-18 04:20 - ilearn.lammps.calcs - INFO - 55/36/dump_out: No vacancies detected.
2025-06-18 04:20 - ilearn.lammps.calcs - INFO - 55/37/dump_out: No vacancies detected.
2025-06-18 04:20 - ilearn.lammps.calcs - INFO - 55/38/dump_out: No vacancies detected.
2025-06-18 04:20 - ilearn.lammps.calcs - INFO - 55/39/dump_out: No vacancies detected.
2025-06-18 04:20 - ilearn.lammps.calcs - INFO - 55/40/dump_out: No vacancies detected.
2025-06-18 04:20 - ilearn.lammps.calcs - INFO - 55/41/dump_out: No vacancies detected.
2025-06-18 04:20 - ilearn.lammps.calcs - INFO - 55/42/dump_out: No vacancies detected.
2025-06-18 04:20 - ilearn.lammps.calcs - INFO - 55/43/dump_out: No vacancies detected.
2025-06-18 04:20 - ilearn.lammps.calcs - INFO - 55/44/dump_out: No vacancies detected.
2025-06-18 04:20 - ilearn.lammps.calcs - INFO - 55/45/dump_out: No vacancies detected.
2025-06-18 04:20 - ilearn.lammps.calcs - INFO - 55/46/dump_out: No vacancies detected.
2025-06-18 04:20 - ilearn.lammps.calcs - INFO - 55/47/dump_out: No vacancies detected.
2025-06-18 04:20 - ilearn.lammps.calcs - INFO - 55/48/dump_out: No vacancies detected.
2025-06-18 04:20 - ilearn.lammps.calcs - INFO - 55/49/dump_out: No vacancies detected.
2025-06-18 04:20 - ilearn.lammps.calcs - INFO - 55/50/dump_out: No vacancies detected.
2025-06-18 04:20 - ilearn.lammps.calcs - INFO - 55/51/dump_out: No vacancies detected.
2025-06-18 04:20 - ilearn.lammps.calcs - INFO - 55/52/dump_out: No vacancies detected.
2025-06-18 04:20 - ilearn.lammps.calcs - INFO - 55/53/dump_out: No vacancies detected.
2025-06-18 04:20 - ilearn.lammps.calcs - INFO - 55/54/dump_out: No vacancies detected.
2025-06-18 04:20 - ilearn.lammps.calcs - INFO - 55/55/dump_out: No vacancies detected.
2025-06-18 04:20 - ilearn.lammps.calcs - INFO - 55/56/dump_out: No vacancies detected.
2025-06-18 04:20 - ilearn.lammps.calcs - INFO - 55/57/dump_out: No vacancies detected.
2025-06-18 04:20 - ilearn.lammps.calcs - INFO - 55/58/dump_out: No vacancies detected.
2025-06-18 04:20 - ilearn.lammps.calcs - INFO - 55/59/dump_out: No vacancies detected.
2025-06-18 04:20 - ilearn.lammps.calcs - INFO - 55/60/dump_out: No vacancies detected.
2025-06-18 04:20 - ilearn.lammps.calcs - INFO - 55/61/dump_out: No vacancies detected.
2025-06-18 04:20 - ilearn.lammps.calcs - INFO - 55/62/dump_out: No vacancies detected.
2025-06-18 04:20 - ilearn.lammps.calcs - INFO - 55/63/dump_out: No vacancies detected.
2025-06-18 04:20 - ilearn.lammps.calcs - INFO - 55/64/dump_out: No vacancies detected.
2025-06-18 04:20 - ilearn.lammps.calcs - INFO - 55/65/dump_out: No vacancies detected.
2025-06-18 04:20 - ilearn.lammps.calcs - INFO - 55/66/dump_out: No vacancies detected.
2025-06-18 04:20 - ilearn.lammps.calcs - INFO - 55/67/dump_out: No vacancies detected.
2025-06-18 04:20 - ilearn.lammps.calcs - INFO - 55/68/dump_out: No vacancies detected.
2025-06-18 04:20 - ilearn.lammps.calcs - INFO - 55/69/dump_out: No vacancies detected.
2025-06-18 04:20 - ilearn.lammps.calcs - INFO - 55/70/dump_out: No vacancies detected.
2025-06-18 04:20 - ilearn.lammps.calcs - INFO - 55/71/dump_out: No vacancies detected.
2025-06-18 04:20 - ilearn.lammps.calcs - INFO - 55/72/dump_out: No vacancies detected.
2025-06-18 04:20 - ilearn.lammps.calcs - INFO - 55/73/dump_out: No vacancies detected.
2025-06-18 04:20 - ilearn.lammps.calcs - INFO - 55/74/dump_out: No vacancies detected.
2025-06-18 04:20 - ilearn.lammps.calcs - INFO - 55/75/dump_out: Vacancy detected. Particle ID: 1292, Position: [27.36 24.48 21.6 ]
2025-06-18 04:20 - ilearn.lammps.calcs - INFO - 55/76/dump_out: Vacancy detected. Particle ID: 1292, Position: [27.36 24.48 21.6 ]
2025-06-18 04:20 - ilearn.lammps.calcs - INFO - 55/77/dump_out: No vacancies detected.
2025-06-18 04:20 - ilearn.lammps.calcs - INFO - 55/80/dump_out: Vacancy detected. Particle ID: 1292, Position: [27.36 24.48 21.6 ]
2025-06-18 04:20 - ilearn.lammps.calcs - INFO - 55/81/dump_out: No vacancies detected.
2025-06-18 04:20 - ilearn.lammps.calcs - INFO - 55/82/dump_out: No vacancies detected.
2025-06-18 04:20 - ilearn.lammps.calcs - INFO - 55/83/dump_out: Vacancy detected. Particle ID: 1202, Position: [25.92 23.04 20.16]
2025-06-18 04:20 - ilearn.lammps.calcs - INFO - 55/84/dump_out: No vacancies detected.
2025-06-18 04:20 - ilearn.lammps.calcs - INFO - 55/85/dump_out: Vacancy detected. Particle ID: 1203, Position: [24.48 24.48 18.72]
2025-06-18 04:20 - ilearn.lammps.calcs - INFO - 55/86/dump_out: Vacancy detected. Particle ID: 1203, Position: [24.48 24.48 18.72]
2025-06-18 04:20 - ilearn.lammps.calcs - INFO - 55/87/dump_out: No vacancies detected.
2025-06-18 04:20 - ilearn.lammps.calcs - INFO - 55/88/dump_out: No vacancies detected.
2025-06-18 04:20 - ilearn.lammps.calcs - INFO - 55/89/dump_out: No vacancies detected.
2025-06-18 04:20 - ilearn.lammps.calcs - INFO - 55/120/dump_out: Vacancy detected. Particle ID: 1292, Position: [27.36 24.48 21.6 ]
2025-06-18 04:20 - ilearn.lammps.calcs - INFO - 55/132/dump_out: No vacancies detected.
2025-06-18 04:20 - ilearn.lammps.calcs - INFO - 55/133/dump_out: No vacancies detected.
2025-06-18 04:20 - ilearn.lammps.calcs - INFO - 55/134/dump_out: No vacancies detected.
2025-06-18 04:20 - ilearn.lammps.calcs - INFO - 55/135/dump_out: No vacancies detected.
2025-06-18 04:20 - ilearn.lammps.calcs - INFO - 55/136/dump_out: No vacancies detected.
2025-06-18 04:20 - ilearn.lammps.calcs - INFO - 55/137/dump_out: No vacancies detected.
2025-06-18 04:20 - ilearn.lammps.calcs - INFO - 55/138/dump_out: Vacancy detected. Particle ID: 1292, Position: [27.36 24.48 21.6 ]
2025-06-18 04:20 - ilearn.lammps.calcs - INFO - 55/139/dump_out: Vacancy detected. Particle ID: 1202, Position: [25.92 23.04 20.16]
2025-06-18 04:20 - ilearn.lammps.calcs - INFO - 55/140/dump_out: No vacancies detected.
2025-06-18 04:20 - ilearn.lammps.calcs - INFO - 55/141/dump_out: No vacancies detected.
2025-06-18 04:20 - ilearn.lammps.calcs - INFO - 55/142/dump_out: Vacancy detected. Particle ID: 1292, Position: [27.36 24.48 21.6 ]
2025-06-18 04:20 - ilearn.lammps.calcs - INFO - 55/143/dump_out: Vacancy detected. Particle ID: 1202, Position: [25.92 23.04 20.16]
2025-06-18 04:20 - ilearn.lammps.calcs - INFO - 55/144/dump_out: Vacancy detected. Particle ID: 1292, Position: [27.36 24.48 21.6 ]
2025-06-18 04:20 - ilearn.lammps.calcs - INFO - 55/146/dump_out: Vacancy detected. Particle ID: 1292, Position: [27.36 24.48 21.6 ]
2025-06-18 04:20 - ilearn.lammps.calcs - INFO - 55/148/dump_out: No vacancies detected.
2025-06-18 04:20 - ilearn.lammps.calcs - INFO - 55/149/dump_out: Vacancy detected. Particle ID: 1292, Position: [27.36 24.48 21.6 ]
2025-06-18 04:20 - ilearn.lammps.calcs - INFO - 55/150/dump_out: No vacancies detected.
2025-06-18 04:20 - ilearn.lammps.calcs - INFO - 55/151/dump_out: No vacancies detected.
2025-06-18 04:20 - ilearn.lammps.calcs - INFO - 55/152/dump_out: Vacancy detected. Particle ID: 1292, Position: [27.36 24.48 21.6 ]
2025-06-18 04:20 - ilearn.lammps.calcs - INFO - 55/153/dump_out: Vacancy detected. Particle ID: 1202, Position: [25.92 23.04 20.16]
2025-06-18 06:35 - ilearn.lammps.calcs - INFO - 60/1/dump_out: No vacancies detected.
2025-06-18 06:35 - ilearn.lammps.calcs - INFO - 60/3/dump_out: No vacancies detected.
2025-06-18 06:35 - ilearn.lammps.calcs - INFO - 60/4/dump_out: Vacancy detected. Particle ID: 1292, Position: [27.36 24.48 21.6 ]
2025-06-18 06:35 - ilearn.lammps.calcs - INFO - 60/6/dump_out: No vacancies detected.
2025-06-18 06:35 - ilearn.lammps.calcs - INFO - 60/7/dump_out: Vacancy detected. Particle ID: 1292, Position: [27.36 24.48 21.6 ]
2025-06-18 06:35 - ilearn.lammps.calcs - INFO - 60/8/dump_out: No vacancies detected.
2025-06-18 06:35 - ilearn.lammps.calcs - INFO - 60/9/dump_out: Vacancy detected. Particle ID: 1292, Position: [27.36 24.48 21.6 ]
2025-06-18 06:35 - ilearn.lammps.calcs - INFO - 60/11/dump_out: Vacancy detected. Particle ID: 1292, Position: [27.36 24.48 21.6 ]
2025-06-18 06:35 - ilearn.lammps.calcs - INFO - 60/15/dump_out: Vacancy detected. Particle ID: 1292, Position: [27.36 24.48 21.6 ]
2025-06-18 06:35 - ilearn.lammps.calcs - INFO - 60/16/dump_out: No vacancies detected.
2025-06-18 06:35 - ilearn.lammps.calcs - INFO - 60/17/dump_out: Vacancy detected. Particle ID: 1292, Position: [27.36 24.48 21.6 ]
2025-06-18 06:35 - ilearn.lammps.calcs - INFO - 60/18/dump_out: Vacancy detected. Particle ID: 1292, Position: [27.36 24.48 21.6 ]
2025-06-18 06:35 - ilearn.lammps.calcs - INFO - 60/19/dump_out: Vacancy detected. Particle ID: 1292, Position: [27.36 24.48 21.6 ]
2025-06-18 06:35 - ilearn.lammps.calcs - INFO - 60/20/dump_out: Vacancy detected. Particle ID: 1292, Position: [27.36 24.48 21.6 ]
2025-06-18 06:35 - ilearn.lammps.calcs - INFO - 60/21/dump_out: Vacancy detected. Particle ID: 1292, Position: [27.36 24.48 21.6 ]
2025-06-18 06:35 - ilearn.lammps.calcs - INFO - 60/22/dump_out: Vacancy detected. Particle ID: 1292, Position: [27.36 24.48 21.6 ]
2025-06-18 06:35 - ilearn.lammps.calcs - INFO - 60/23/dump_out: No vacancies detected.
2025-06-18 06:35 - ilearn.lammps.calcs - INFO - 60/24/dump_out: No vacancies detected.
2025-06-18 06:35 - ilearn.lammps.calcs - INFO - 60/25/dump_out: No vacancies detected.
2025-06-18 06:35 - ilearn.lammps.calcs - INFO - 60/26/dump_out: Vacancy detected. Particle ID: 1292, Position: [27.36 24.48 21.6 ]
2025-06-18 06:35 - ilearn.lammps.calcs - INFO - 60/27/dump_out: No vacancies detected.
2025-06-18 06:35 - ilearn.lammps.calcs - INFO - 60/28/dump_out: No vacancies detected.
2025-06-18 06:35 - ilearn.lammps.calcs - INFO - 60/29/dump_out: No vacancies detected.
2025-06-18 06:35 - ilearn.lammps.calcs - INFO - 60/30/dump_out: No vacancies detected.
2025-06-18 06:35 - ilearn.lammps.calcs - INFO - 60/31/dump_out: No vacancies detected.
2025-06-18 06:35 - ilearn.lammps.calcs - INFO - 60/32/dump_out: No vacancies detected.
2025-06-18 06:35 - ilearn.lammps.calcs - INFO - 60/33/dump_out: No vacancies detected.
2025-06-18 06:35 - ilearn.lammps.calcs - INFO - 60/34/dump_out: No vacancies detected.
2025-06-18 06:35 - ilearn.lammps.calcs - INFO - 60/35/dump_out: No vacancies detected.
2025-06-18 06:35 - ilearn.lammps.calcs - INFO - 60/36/dump_out: No vacancies detected.
2025-06-18 06:35 - ilearn.lammps.calcs - INFO - 60/37/dump_out: No vacancies detected.
2025-06-18 06:35 - ilearn.lammps.calcs - INFO - 60/38/dump_out: No vacancies detected.
2025-06-18 06:35 - ilearn.lammps.calcs - INFO - 60/39/dump_out: No vacancies detected.
2025-06-18 06:35 - ilearn.lammps.calcs - INFO - 60/40/dump_out: No vacancies detected.
2025-06-18 06:35 - ilearn.lammps.calcs - INFO - 60/41/dump_out: No vacancies detected.
2025-06-18 06:35 - ilearn.lammps.calcs - INFO - 60/42/dump_out: Vacancy detected. Particle ID: 1292, Position: [27.36 24.48 21.6 ]
2025-06-18 06:35 - ilearn.lammps.calcs - INFO - 60/43/dump_out: Vacancy detected. Particle ID: 1292, Position: [27.36 24.48 21.6 ]
2025-06-18 06:35 - ilearn.lammps.calcs - INFO - 60/44/dump_out: No vacancies detected.
2025-06-18 06:35 - ilearn.lammps.calcs - INFO - 60/45/dump_out: No vacancies detected.
2025-06-18 06:35 - ilearn.lammps.calcs - INFO - 60/46/dump_out: No vacancies detected.
2025-06-18 06:35 - ilearn.lammps.calcs - INFO - 60/47/dump_out: No vacancies detected.
2025-06-18 06:35 - ilearn.lammps.calcs - INFO - 60/48/dump_out: No vacancies detected.
2025-06-18 06:35 - ilearn.lammps.calcs - INFO - 60/49/dump_out: Vacancy detected. Particle ID: 1292, Position: [27.36 24.48 21.6 ]
2025-06-18 06:35 - ilearn.lammps.calcs - INFO - 60/50/dump_out: No vacancies detected.
2025-06-18 06:35 - ilearn.lammps.calcs - INFO - 60/51/dump_out: No vacancies detected.
2025-06-18 06:35 - ilearn.lammps.calcs - INFO - 60/52/dump_out: No vacancies detected.
2025-06-18 06:35 - ilearn.lammps.calcs - INFO - 60/53/dump_out: No vacancies detected.
2025-06-18 06:35 - ilearn.lammps.calcs - INFO - 60/54/dump_out: No vacancies detected.
2025-06-18 06:35 - ilearn.lammps.calcs - INFO - 60/55/dump_out: No vacancies detected.
2025-06-18 06:35 - ilearn.lammps.calcs - INFO - 60/56/dump_out: No vacancies detected.
2025-06-18 06:35 - ilearn.lammps.calcs - INFO - 60/57/dump_out: No vacancies detected.
2025-06-18 06:35 - ilearn.lammps.calcs - INFO - 60/58/dump_out: No vacancies detected.
2025-06-18 06:35 - ilearn.lammps.calcs - INFO - 60/59/dump_out: No vacancies detected.
2025-06-18 06:35 - ilearn.lammps.calcs - INFO - 60/60/dump_out: No vacancies detected.
2025-06-18 06:35 - ilearn.lammps.calcs - INFO - 60/61/dump_out: No vacancies detected.
2025-06-18 06:35 - ilearn.lammps.calcs - INFO - 60/62/dump_out: No vacancies detected.
2025-06-18 06:35 - ilearn.lammps.calcs - INFO - 60/63/dump_out: No vacancies detected.
2025-06-18 06:35 - ilearn.lammps.calcs - INFO - 60/64/dump_out: No vacancies detected.
2025-06-18 06:35 - ilearn.lammps.calcs - INFO - 60/65/dump_out: No vacancies detected.
2025-06-18 06:35 - ilearn.lammps.calcs - INFO - 60/66/dump_out: No vacancies detected.
2025-06-18 06:35 - ilearn.lammps.calcs - INFO - 60/67/dump_out: No vacancies detected.
2025-06-18 06:35 - ilearn.lammps.calcs - INFO - 60/68/dump_out: No vacancies detected.
2025-06-18 06:35 - ilearn.lammps.calcs - INFO - 60/69/dump_out: No vacancies detected.
2025-06-18 06:35 - ilearn.lammps.calcs - INFO - 60/70/dump_out: No vacancies detected.
2025-06-18 06:35 - ilearn.lammps.calcs - INFO - 60/71/dump_out: No vacancies detected.
2025-06-18 06:35 - ilearn.lammps.calcs - INFO - 60/72/dump_out: No vacancies detected.
2025-06-18 06:35 - ilearn.lammps.calcs - INFO - 60/73/dump_out: No vacancies detected.
2025-06-18 06:35 - ilearn.lammps.calcs - INFO - 60/74/dump_out: No vacancies detected.
2025-06-18 06:35 - ilearn.lammps.calcs - INFO - 60/77/dump_out: Vacancy detected. Particle ID: 1202, Position: [25.92 23.04 20.16]
2025-06-18 06:35 - ilearn.lammps.calcs - INFO - 60/81/dump_out: Vacancy detected. Particle ID: 1292, Position: [27.36 24.48 21.6 ]
2025-06-18 06:35 - ilearn.lammps.calcs - INFO - 60/82/dump_out: No vacancies detected.
2025-06-18 06:35 - ilearn.lammps.calcs - INFO - 60/84/dump_out: No vacancies detected.
2025-06-18 06:35 - ilearn.lammps.calcs - INFO - 60/87/dump_out: No vacancies detected.
2025-06-18 06:35 - ilearn.lammps.calcs - INFO - 60/88/dump_out: No vacancies detected.
2025-06-18 06:35 - ilearn.lammps.calcs - INFO - 60/89/dump_out: No vacancies detected.
2025-06-18 06:35 - ilearn.lammps.calcs - INFO - 60/132/dump_out: No vacancies detected.
2025-06-18 06:35 - ilearn.lammps.calcs - INFO - 60/133/dump_out: No vacancies detected.
2025-06-18 06:35 - ilearn.lammps.calcs - INFO - 60/134/dump_out: Vacancy detected. Particle ID: 1292, Position: [27.36 24.48 21.6 ]
2025-06-18 06:35 - ilearn.lammps.calcs - INFO - 60/135/dump_out: No vacancies detected.
2025-06-18 06:35 - ilearn.lammps.calcs - INFO - 60/136/dump_out: No vacancies detected.
2025-06-18 06:35 - ilearn.lammps.calcs - INFO - 60/137/dump_out: No vacancies detected.
2025-06-18 06:35 - ilearn.lammps.calcs - INFO - 60/140/dump_out: No vacancies detected.
2025-06-18 06:35 - ilearn.lammps.calcs - INFO - 60/141/dump_out: Vacancy detected. Particle ID: 1292, Position: [27.36 24.48 21.6 ]
2025-06-18 06:35 - ilearn.lammps.calcs - INFO - 60/148/dump_out: Vacancy detected. Particle ID: 1292, Position: [27.36 24.48 21.6 ]
2025-06-18 06:35 - ilearn.lammps.calcs - INFO - 60/150/dump_out: No vacancies detected.
2025-06-18 06:35 - ilearn.lammps.calcs - INFO - 60/151/dump_out: Vacancy detected. Particle ID: 1292, Position: [27.36 24.48 21.6 ]
2025-06-18 08:50 - ilearn.lammps.calcs - INFO - 65/1/dump_out: Vacancy detected. Particle ID: 1202, Position: [25.92 23.04 20.16]
2025-06-18 08:50 - ilearn.lammps.calcs - INFO - 65/3/dump_out: No vacancies detected.
2025-06-18 08:50 - ilearn.lammps.calcs - INFO - 65/6/dump_out: Vacancy detected. Particle ID: 1292, Position: [27.36 24.48 21.6 ]
2025-06-18 08:50 - ilearn.lammps.calcs - INFO - 65/8/dump_out: No vacancies detected.
2025-06-18 08:50 - ilearn.lammps.calcs - INFO - 65/16/dump_out: Vacancy detected. Particle ID: 1292, Position: [27.36 24.48 21.6 ]
2025-06-18 08:50 - ilearn.lammps.calcs - INFO - 65/23/dump_out: No vacancies detected.
2025-06-18 08:50 - ilearn.lammps.calcs - INFO - 65/24/dump_out: Vacancy detected. Particle ID: 1292, Position: [27.36 24.48 21.6 ]
2025-06-18 08:50 - ilearn.lammps.calcs - INFO - 65/25/dump_out: No vacancies detected.
2025-06-18 08:50 - ilearn.lammps.calcs - INFO - 65/27/dump_out: No vacancies detected.
2025-06-18 08:50 - ilearn.lammps.calcs - INFO - 65/28/dump_out: No vacancies detected.
2025-06-18 08:50 - ilearn.lammps.calcs - INFO - 65/29/dump_out: No vacancies detected.
2025-06-18 08:50 - ilearn.lammps.calcs - INFO - 65/30/dump_out: No vacancies detected.
2025-06-18 08:50 - ilearn.lammps.calcs - INFO - 65/31/dump_out: No vacancies detected.
2025-06-18 08:50 - ilearn.lammps.calcs - INFO - 65/32/dump_out: No vacancies detected.
2025-06-18 08:50 - ilearn.lammps.calcs - INFO - 65/33/dump_out: Vacancy detected. Particle ID: 1292, Position: [27.36 24.48 21.6 ]
2025-06-18 08:50 - ilearn.lammps.calcs - INFO - 65/34/dump_out: Vacancy detected. Particle ID: 1202, Position: [25.92 23.04 20.16]
2025-06-18 08:50 - ilearn.lammps.calcs - INFO - 65/35/dump_out: Vacancy detected. Particle ID: 1292, Position: [27.36 24.48 21.6 ]
2025-06-18 08:50 - ilearn.lammps.calcs - INFO - 65/36/dump_out: Vacancy detected. Particle ID: 1292, Position: [27.36 24.48 21.6 ]
2025-06-18 08:50 - ilearn.lammps.calcs - INFO - 65/37/dump_out: Vacancy detected. Particle ID: 1202, Position: [25.92 23.04 20.16]
2025-06-18 08:50 - ilearn.lammps.calcs - INFO - 65/38/dump_out: Vacancy detected. Particle ID: 1292, Position: [27.36 24.48 21.6 ]
2025-06-18 08:50 - ilearn.lammps.calcs - INFO - 65/39/dump_out: No vacancies detected.
2025-06-18 08:50 - ilearn.lammps.calcs - INFO - 65/40/dump_out: No vacancies detected.
2025-06-18 08:50 - ilearn.lammps.calcs - INFO - 65/41/dump_out: No vacancies detected.
2025-06-18 08:50 - ilearn.lammps.calcs - INFO - 65/44/dump_out: Vacancy detected. Particle ID: 1292, Position: [27.36 24.48 21.6 ]
2025-06-18 08:50 - ilearn.lammps.calcs - INFO - 65/45/dump_out: Vacancy detected. Particle ID: 1292, Position: [27.36 24.48 21.6 ]
2025-06-18 08:50 - ilearn.lammps.calcs - INFO - 65/46/dump_out: Vacancy detected. Particle ID: 1605, Position: [28.8  23.04 23.04]
2025-06-18 08:50 - ilearn.lammps.calcs - INFO - 65/47/dump_out: Vacancy detected. Particle ID: 1292, Position: [27.36 24.48 21.6 ]
2025-06-18 08:50 - ilearn.lammps.calcs - INFO - 65/48/dump_out: No vacancies detected.
2025-06-18 08:50 - ilearn.lammps.calcs - INFO - 65/50/dump_out: No vacancies detected.
2025-06-18 08:50 - ilearn.lammps.calcs - INFO - 65/51/dump_out: No vacancies detected.
2025-06-18 08:50 - ilearn.lammps.calcs - INFO - 65/52/dump_out: No vacancies detected.
2025-06-18 08:50 - ilearn.lammps.calcs - INFO - 65/53/dump_out: No vacancies detected.
2025-06-18 08:50 - ilearn.lammps.calcs - INFO - 65/54/dump_out: Vacancy detected. Particle ID: 1202, Position: [25.92 23.04 20.16]
2025-06-18 08:50 - ilearn.lammps.calcs - INFO - 65/55/dump_out: No vacancies detected.
2025-06-18 08:50 - ilearn.lammps.calcs - INFO - 65/56/dump_out: Vacancy detected. Particle ID: 1292, Position: [27.36 24.48 21.6 ]
2025-06-18 08:50 - ilearn.lammps.calcs - INFO - 65/57/dump_out: No vacancies detected.
2025-06-18 08:50 - ilearn.lammps.calcs - INFO - 65/58/dump_out: No vacancies detected.
2025-06-18 08:50 - ilearn.lammps.calcs - INFO - 65/59/dump_out: No vacancies detected.
2025-06-18 08:50 - ilearn.lammps.calcs - INFO - 65/60/dump_out: No vacancies detected.
2025-06-18 08:50 - ilearn.lammps.calcs - INFO - 65/61/dump_out: No vacancies detected.
2025-06-18 08:50 - ilearn.lammps.calcs - INFO - 65/62/dump_out: No vacancies detected.
2025-06-18 08:50 - ilearn.lammps.calcs - INFO - 65/63/dump_out: No vacancies detected.
2025-06-18 08:50 - ilearn.lammps.calcs - INFO - 65/64/dump_out: Vacancy detected. Particle ID: 1292, Position: [27.36 24.48 21.6 ]
2025-06-18 08:50 - ilearn.lammps.calcs - INFO - 65/65/dump_out: No vacancies detected.
2025-06-18 08:50 - ilearn.lammps.calcs - INFO - 65/66/dump_out: No vacancies detected.
2025-06-18 08:50 - ilearn.lammps.calcs - INFO - 65/67/dump_out: No vacancies detected.
2025-06-18 08:50 - ilearn.lammps.calcs - INFO - 65/68/dump_out: No vacancies detected.
2025-06-18 08:50 - ilearn.lammps.calcs - INFO - 65/69/dump_out: No vacancies detected.
2025-06-18 08:50 - ilearn.lammps.calcs - INFO - 65/70/dump_out: No vacancies detected.
2025-06-18 08:50 - ilearn.lammps.calcs - INFO - 65/71/dump_out: No vacancies detected.
2025-06-18 08:50 - ilearn.lammps.calcs - INFO - 65/72/dump_out: No vacancies detected.
2025-06-18 08:50 - ilearn.lammps.calcs - INFO - 65/73/dump_out: No vacancies detected.
2025-06-18 08:50 - ilearn.lammps.calcs - INFO - 65/74/dump_out: No vacancies detected.
2025-06-18 08:50 - ilearn.lammps.calcs - INFO - 65/82/dump_out: No vacancies detected.
2025-06-18 08:50 - ilearn.lammps.calcs - INFO - 65/84/dump_out: No vacancies detected.
2025-06-18 08:50 - ilearn.lammps.calcs - INFO - 65/87/dump_out: No vacancies detected.
2025-06-18 08:50 - ilearn.lammps.calcs - INFO - 65/88/dump_out: No vacancies detected.
2025-06-18 08:50 - ilearn.lammps.calcs - INFO - 65/89/dump_out: No vacancies detected.
2025-06-18 08:50 - ilearn.lammps.calcs - INFO - 65/132/dump_out: Vacancy detected. Particle ID: 1292, Position: [27.36 24.48 21.6 ]
2025-06-18 08:50 - ilearn.lammps.calcs - INFO - 65/133/dump_out: No vacancies detected.
2025-06-18 08:50 - ilearn.lammps.calcs - INFO - 65/135/dump_out: No vacancies detected.
2025-06-18 08:50 - ilearn.lammps.calcs - INFO - 65/136/dump_out: No vacancies detected.
2025-06-18 08:50 - ilearn.lammps.calcs - INFO - 65/137/dump_out: Vacancy detected. Particle ID: 1292, Position: [27.36 24.48 21.6 ]
2025-06-18 08:50 - ilearn.lammps.calcs - INFO - 65/140/dump_out: No vacancies detected.
2025-06-18 08:50 - ilearn.lammps.calcs - INFO - 65/150/dump_out: Vacancy detected. Particle ID: 1292, Position: [27.36 24.48 21.6 ]
2025-06-18 11:05 - ilearn.lammps.calcs - INFO - 70/3/dump_out: No vacancies detected.
2025-06-18 11:05 - ilearn.lammps.calcs - INFO - 70/8/dump_out: No vacancies detected.
2025-06-18 11:05 - ilearn.lammps.calcs - INFO - 70/23/dump_out: Vacancy detected. Particle ID: 1292, Position: [27.36 24.48 21.6 ]
2025-06-18 11:05 - ilearn.lammps.calcs - INFO - 70/25/dump_out: Vacancy detected. Particle ID: 1605, Position: [28.8  23.04 23.04]
2025-06-18 11:05 - ilearn.lammps.calcs - INFO - 70/27/dump_out: Vacancy detected. Particle ID: 1605, Position: [28.8  23.04 23.04]
2025-06-18 11:05 - ilearn.lammps.calcs - INFO - 70/28/dump_out: No vacancies detected.
2025-06-18 11:05 - ilearn.lammps.calcs - INFO - 70/29/dump_out: Vacancy detected. Particle ID: 1552, Position: [27.36 21.6  24.48]
2025-06-18 11:05 - ilearn.lammps.calcs - INFO - 70/30/dump_out: No vacancies detected.
2025-06-18 11:05 - ilearn.lammps.calcs - INFO - 70/31/dump_out: Vacancy detected. Particle ID: 1292, Position: [27.36 24.48 21.6 ]
2025-06-18 11:05 - ilearn.lammps.calcs - INFO - 70/32/dump_out: Vacancy detected. Particle ID: 1605, Position: [28.8  23.04 23.04]
2025-06-18 11:05 - ilearn.lammps.calcs - INFO - 70/39/dump_out: Vacancy detected. Particle ID: 1292, Position: [27.36 24.48 21.6 ]
2025-06-18 11:05 - ilearn.lammps.calcs - INFO - 70/40/dump_out: Vacancy detected. Particle ID: 1292, Position: [27.36 24.48 21.6 ]
2025-06-18 11:05 - ilearn.lammps.calcs - INFO - 70/41/dump_out: Vacancy detected. Particle ID: 1292, Position: [27.36 24.48 21.6 ]
2025-06-18 11:05 - ilearn.lammps.calcs - INFO - 70/48/dump_out: No vacancies detected.
2025-06-18 11:05 - ilearn.lammps.calcs - INFO - 70/50/dump_out: No vacancies detected.
2025-06-18 11:05 - ilearn.lammps.calcs - INFO - 70/51/dump_out: No vacancies detected.
2025-06-18 11:05 - ilearn.lammps.calcs - INFO - 70/52/dump_out: No vacancies detected.
2025-06-18 11:05 - ilearn.lammps.calcs - INFO - 70/53/dump_out: No vacancies detected.
2025-06-18 11:05 - ilearn.lammps.calcs - INFO - 70/55/dump_out: Vacancy detected. Particle ID: 1202, Position: [25.92 23.04 20.16]
2025-06-18 11:05 - ilearn.lammps.calcs - INFO - 70/57/dump_out: No vacancies detected.
2025-06-18 11:05 - ilearn.lammps.calcs - INFO - 70/58/dump_out: No vacancies detected.
2025-06-18 11:05 - ilearn.lammps.calcs - INFO - 70/59/dump_out: No vacancies detected.
2025-06-18 11:05 - ilearn.lammps.calcs - INFO - 70/60/dump_out: No vacancies detected.
2025-06-18 11:05 - ilearn.lammps.calcs - INFO - 70/61/dump_out: No vacancies detected.
2025-06-18 11:05 - ilearn.lammps.calcs - INFO - 70/62/dump_out: Vacancy detected. Particle ID: 1607, Position: [30.24 24.48 24.48]
2025-06-18 11:05 - ilearn.lammps.calcs - INFO - 70/63/dump_out: No vacancies detected.
2025-06-18 11:05 - ilearn.lammps.calcs - INFO - 70/65/dump_out: No vacancies detected.
2025-06-18 11:05 - ilearn.lammps.calcs - INFO - 70/66/dump_out: No vacancies detected.
2025-06-18 11:05 - ilearn.lammps.calcs - INFO - 70/67/dump_out: No vacancies detected.
2025-06-18 11:05 - ilearn.lammps.calcs - INFO - 70/68/dump_out: No vacancies detected.
2025-06-18 11:05 - ilearn.lammps.calcs - INFO - 70/69/dump_out: No vacancies detected.
2025-06-18 11:05 - ilearn.lammps.calcs - INFO - 70/70/dump_out: No vacancies detected.
2025-06-18 11:05 - ilearn.lammps.calcs - INFO - 70/71/dump_out: No vacancies detected.
2025-06-18 11:05 - ilearn.lammps.calcs - INFO - 70/72/dump_out: No vacancies detected.
2025-06-18 11:05 - ilearn.lammps.calcs - INFO - 70/73/dump_out: No vacancies detected.
2025-06-18 11:05 - ilearn.lammps.calcs - INFO - 70/74/dump_out: No vacancies detected.
2025-06-18 11:05 - ilearn.lammps.calcs - INFO - 70/82/dump_out: No vacancies detected.
2025-06-18 11:05 - ilearn.lammps.calcs - INFO - 70/84/dump_out: Vacancy detected. Particle ID: 1292, Position: [27.36 24.48 21.6 ]
2025-06-18 11:05 - ilearn.lammps.calcs - INFO - 70/87/dump_out: No vacancies detected.
2025-06-18 11:05 - ilearn.lammps.calcs - INFO - 70/88/dump_out: No vacancies detected.
2025-06-18 11:05 - ilearn.lammps.calcs - INFO - 70/89/dump_out: No vacancies detected.
2025-06-18 11:05 - ilearn.lammps.calcs - INFO - 70/133/dump_out: No vacancies detected.
2025-06-18 11:05 - ilearn.lammps.calcs - INFO - 70/135/dump_out: No vacancies detected.
2025-06-18 11:05 - ilearn.lammps.calcs - INFO - 70/136/dump_out: No vacancies detected.
2025-06-18 11:05 - ilearn.lammps.calcs - INFO - 70/140/dump_out: No vacancies detected.
2025-06-18 13:20 - ilearn.lammps.calcs - INFO - 75/3/dump_out: Vacancy detected. Particle ID: 1292, Position: [27.36 24.48 21.6 ]
2025-06-18 13:20 - ilearn.lammps.calcs - INFO - 75/8/dump_out: Vacancy detected. Particle ID: 1292, Position: [27.36 24.48 21.6 ]
2025-06-18 13:20 - ilearn.lammps.calcs - INFO - 75/28/dump_out: No vacancies detected.
2025-06-18 13:20 - ilearn.lammps.calcs - INFO - 75/30/dump_out: Vacancy detected. Particle ID: 1552, Position: [27.36 21.6  24.48]
2025-06-18 13:20 - ilearn.lammps.calcs - INFO - 75/48/dump_out: No vacancies detected.
2025-06-18 13:20 - ilearn.lammps.calcs - INFO - 75/50/dump_out: Vacancy detected. Particle ID: 1548, Position: [25.92 20.16 23.04]
2025-06-18 13:20 - ilearn.lammps.calcs - INFO - 75/51/dump_out: Vacancy detected. Particle ID: 1292, Position: [27.36 24.48 21.6 ]
2025-06-18 13:20 - ilearn.lammps.calcs - INFO - 75/52/dump_out: Vacancy detected. Particle ID: 1292, Position: [27.36 24.48 21.6 ]
2025-06-18 13:20 - ilearn.lammps.calcs - INFO - 75/53/dump_out: No vacancies detected.
2025-06-18 13:20 - ilearn.lammps.calcs - INFO - 75/57/dump_out: No vacancies detected.
2025-06-18 13:20 - ilearn.lammps.calcs - INFO - 75/58/dump_out: No vacancies detected.
2025-06-18 13:20 - ilearn.lammps.calcs - INFO - 75/59/dump_out: Vacancy detected. Particle ID: 1292, Position: [27.36 24.48 21.6 ]
2025-06-18 13:20 - ilearn.lammps.calcs - INFO - 75/60/dump_out: No vacancies detected.
2025-06-18 13:20 - ilearn.lammps.calcs - INFO - 75/61/dump_out: No vacancies detected.
2025-06-18 13:20 - ilearn.lammps.calcs - INFO - 75/63/dump_out: No vacancies detected.
2025-06-18 13:20 - ilearn.lammps.calcs - INFO - 75/65/dump_out: No vacancies detected.
2025-06-18 13:20 - ilearn.lammps.calcs - INFO - 75/66/dump_out: No vacancies detected.
2025-06-18 13:20 - ilearn.lammps.calcs - INFO - 75/67/dump_out: No vacancies detected.
2025-06-18 13:20 - ilearn.lammps.calcs - INFO - 75/68/dump_out: No vacancies detected.
2025-06-18 13:20 - ilearn.lammps.calcs - INFO - 75/69/dump_out: No vacancies detected.
2025-06-18 13:20 - ilearn.lammps.calcs - INFO - 75/70/dump_out: No vacancies detected.
2025-06-18 13:20 - ilearn.lammps.calcs - INFO - 75/71/dump_out: No vacancies detected.
2025-06-18 13:20 - ilearn.lammps.calcs - INFO - 75/72/dump_out: No vacancies detected.
2025-06-18 13:20 - ilearn.lammps.calcs - INFO - 75/73/dump_out: Vacancy detected. Particle ID: 1292, Position: [27.36 24.48 21.6 ]
2025-06-18 13:20 - ilearn.lammps.calcs - INFO - 75/74/dump_out: No vacancies detected.
2025-06-18 13:20 - ilearn.lammps.calcs - INFO - 75/82/dump_out: No vacancies detected.
2025-06-18 13:20 - ilearn.lammps.calcs - INFO - 75/87/dump_out: No vacancies detected.
2025-06-18 13:20 - ilearn.lammps.calcs - INFO - 75/88/dump_out: No vacancies detected.
2025-06-18 13:20 - ilearn.lammps.calcs - INFO - 75/89/dump_out: No vacancies detected.
2025-06-18 13:20 - ilearn.lammps.calcs - INFO - 75/133/dump_out: Vacancy detected. Particle ID: 1292, Position: [27.36 24.48 21.6 ]
2025-06-18 13:20 - ilearn.lammps.calcs - INFO - 75/135/dump_out: Vacancy detected. Particle ID: 1292, Position: [27.36 24.48 21.6 ]
2025-06-18 13:20 - ilearn.lammps.calcs - INFO - 75/136/dump_out: Vacancy detected. Particle ID: 1202, Position: [25.92 23.04 20.16]
2025-06-18 13:20 - ilearn.lammps.calcs - INFO - 75/140/dump_out: No vacancies detected.
2025-06-18 13:20 - ilearn.lammps.calcs - INFO - --------------------------------The max_velocity is too low for these directions-------------------------------------------
2025-06-18 13:20 - ilearn.lammps.calcs - INFO - 28: HKL: [0.22990027 0.03897289 0.97243353], Angle: 9.62/13.48
2025-06-18 13:20 - ilearn.lammps.calcs - INFO - 48: HKL: [0.56209665 0.         0.82707155], Angle: 0.00/34.20
2025-06-18 13:20 - ilearn.lammps.calcs - INFO - 53: HKL: [0.63598488 0.07617982 0.7679322 ], Angle: 6.83/39.83
2025-06-18 13:20 - ilearn.lammps.calcs - INFO - 57: HKL: [0.60201403 0.         0.79848551], Angle: 0.00/37.01
2025-06-18 13:20 - ilearn.lammps.calcs - INFO - 58: HKL: [0.60022468 0.03823833 0.79891687], Angle: 3.65/36.97
2025-06-18 13:20 - ilearn.lammps.calcs - INFO - 60: HKL: [0.66904044 0.1134163  0.73452137], Angle: 9.62/42.73
2025-06-18 13:20 - ilearn.lammps.calcs - INFO - 61: HKL: [0.7027045  0.11141258 0.7027045 ], Angle: 9.01/45.36
2025-06-18 13:20 - ilearn.lammps.calcs - INFO - 63: HKL: [0.47580997 0.         0.87954811], Angle: 0.00/28.41
2025-06-18 13:20 - ilearn.lammps.calcs - INFO - 65: HKL: [0.55652482 0.07812273 0.8271499 ], Angle: 7.99/34.19
2025-06-18 13:20 - ilearn.lammps.calcs - INFO - 66: HKL: [0.42994295 0.         0.90285606], Angle: 0.00/25.46
2025-06-18 13:20 - ilearn.lammps.calcs - INFO - 67: HKL: [0.42582052 0.03943528 0.90394786], Angle: 5.29/25.32
2025-06-18 13:20 - ilearn.lammps.calcs - INFO - 68: HKL: [0.47230442 0.03928438 0.88055964], Angle: 4.75/28.29
2025-06-18 13:20 - ilearn.lammps.calcs - INFO - 69: HKL: [0.51995452 0.         0.85419395], Angle: 0.00/31.33
2025-06-18 13:20 - ilearn.lammps.calcs - INFO - 70: HKL: [0.55976946 0.03867896 0.82774518], Angle: 3.95/34.13
2025-06-18 13:20 - ilearn.lammps.calcs - INFO - 71: HKL: [0.51705168 0.03903028 0.85506385], Angle: 4.32/31.23
2025-06-18 13:20 - ilearn.lammps.calcs - INFO - 72: HKL: [0.55232468 0.11816366 0.82521197], Angle: 12.08/34.39
2025-06-18 13:20 - ilearn.lammps.calcs - INFO - 74: HKL: [0.51326945 0.07882686 0.85459979], Angle: 8.73/31.28
2025-06-18 13:20 - ilearn.lammps.calcs - INFO - 82: HKL: [0.58901977 0.15683455 0.79275383], Angle: 14.91/37.56
2025-06-18 13:20 - ilearn.lammps.calcs - INFO - 87: HKL: [0.5974892  0.07723393 0.79814885], Angle: 7.37/37.05
2025-06-18 13:20 - ilearn.lammps.calcs - INFO - 88: HKL: [0.63270923 0.11523224 0.76576796], Angle: 10.32/40.02
2025-06-18 13:20 - ilearn.lammps.calcs - INFO - 89: HKL: [0.59376461 0.1168257  0.79611265], Angle: 11.13/37.24
2025-06-18 13:20 - ilearn.lammps.calcs - INFO - 140: HKL: [0.40145099 0.20277393 0.89315163], Angle: 26.80/26.73
2025-06-18 22:58 - ilearn.lammps.calcs - INFO - 75/28/dump_out: No vacancies detected.
2025-06-18 22:58 - ilearn.lammps.calcs - INFO - 75/48/dump_out: No vacancies detected.
2025-06-18 22:58 - ilearn.lammps.calcs - INFO - 75/53/dump_out: No vacancies detected.
2025-06-18 22:58 - ilearn.lammps.calcs - INFO - 75/57/dump_out: No vacancies detected.
2025-06-18 22:58 - ilearn.lammps.calcs - INFO - 75/58/dump_out: No vacancies detected.
2025-06-18 22:58 - ilearn.lammps.calcs - INFO - 75/60/dump_out: No vacancies detected.
2025-06-18 22:58 - ilearn.lammps.calcs - INFO - 75/61/dump_out: No vacancies detected.
2025-06-18 22:58 - ilearn.lammps.calcs - INFO - 75/63/dump_out: No vacancies detected.
2025-06-18 22:58 - ilearn.lammps.calcs - INFO - 75/65/dump_out: No vacancies detected.
2025-06-18 22:58 - ilearn.lammps.calcs - INFO - 75/66/dump_out: No vacancies detected.
2025-06-18 22:58 - ilearn.lammps.calcs - INFO - 75/67/dump_out: No vacancies detected.
2025-06-18 22:58 - ilearn.lammps.calcs - INFO - 75/68/dump_out: No vacancies detected.
2025-06-18 22:58 - ilearn.lammps.calcs - INFO - 75/69/dump_out: No vacancies detected.
2025-06-18 22:58 - ilearn.lammps.calcs - INFO - 75/70/dump_out: No vacancies detected.
2025-06-18 22:58 - ilearn.lammps.calcs - INFO - 75/71/dump_out: No vacancies detected.
2025-06-18 22:58 - ilearn.lammps.calcs - INFO - 75/72/dump_out: No vacancies detected.
2025-06-18 22:58 - ilearn.lammps.calcs - INFO - 75/74/dump_out: No vacancies detected.
2025-06-18 22:58 - ilearn.lammps.calcs - INFO - 75/82/dump_out: No vacancies detected.
2025-06-18 22:58 - ilearn.lammps.calcs - INFO - 75/87/dump_out: No vacancies detected.
2025-06-18 22:58 - ilearn.lammps.calcs - INFO - 75/88/dump_out: No vacancies detected.
2025-06-18 22:58 - ilearn.lammps.calcs - INFO - 75/89/dump_out: No vacancies detected.
2025-06-18 22:58 - ilearn.lammps.calcs - INFO - 75/140/dump_out: No vacancies detected.
2025-06-19 01:13 - ilearn.lammps.calcs - INFO - 80/28/dump_out: Vacancy detected. Particle ID: 1605, Position: [28.8  23.04 23.04]
2025-06-19 01:13 - ilearn.lammps.calcs - INFO - 80/48/dump_out: No vacancies detected.
2025-06-19 01:13 - ilearn.lammps.calcs - INFO - 80/53/dump_out: Vacancy detected. Particle ID: 1292, Position: [27.36 24.48 21.6 ]
2025-06-19 01:13 - ilearn.lammps.calcs - INFO - 80/57/dump_out: No vacancies detected.
2025-06-19 01:13 - ilearn.lammps.calcs - INFO - 80/58/dump_out: No vacancies detected.
2025-06-19 01:13 - ilearn.lammps.calcs - INFO - 80/60/dump_out: Vacancy detected. Particle ID: 1605, Position: [28.8  23.04 23.04]
2025-06-19 01:13 - ilearn.lammps.calcs - INFO - 80/61/dump_out: Vacancy detected. Particle ID: 1605, Position: [28.8  23.04 23.04]
2025-06-19 01:13 - ilearn.lammps.calcs - INFO - 80/63/dump_out: No vacancies detected.
2025-06-19 01:13 - ilearn.lammps.calcs - INFO - 80/65/dump_out: No vacancies detected.
2025-06-19 01:13 - ilearn.lammps.calcs - INFO - 80/66/dump_out: Vacancy detected. Particle ID: 1605, Position: [28.8  23.04 23.04]
2025-06-19 01:13 - ilearn.lammps.calcs - INFO - 80/67/dump_out: Vacancy detected. Particle ID: 1292, Position: [27.36 24.48 21.6 ]
2025-06-19 01:13 - ilearn.lammps.calcs - INFO - 80/68/dump_out: No vacancies detected.
2025-06-19 01:13 - ilearn.lammps.calcs - INFO - 80/69/dump_out: No vacancies detected.
2025-06-19 01:13 - ilearn.lammps.calcs - INFO - 80/70/dump_out: No vacancies detected.
2025-06-19 01:13 - ilearn.lammps.calcs - INFO - 80/71/dump_out: No vacancies detected.
2025-06-19 01:13 - ilearn.lammps.calcs - INFO - 80/72/dump_out: No vacancies detected.
2025-06-19 01:13 - ilearn.lammps.calcs - INFO - 80/74/dump_out: No vacancies detected.
2025-06-19 01:13 - ilearn.lammps.calcs - INFO - 80/82/dump_out: Vacancy detected. Particle ID: 1552, Position: [27.36 21.6  24.48]
2025-06-19 01:13 - ilearn.lammps.calcs - INFO - 80/87/dump_out: No vacancies detected.
2025-06-19 01:13 - ilearn.lammps.calcs - INFO - 80/88/dump_out: No vacancies detected.
2025-06-19 01:13 - ilearn.lammps.calcs - INFO - 80/89/dump_out: No vacancies detected.
2025-06-19 01:13 - ilearn.lammps.calcs - INFO - 80/140/dump_out: Vacancy detected. Particle ID: 1202, Position: [25.92 23.04 20.16]
2025-06-19 03:28 - ilearn.lammps.calcs - INFO - 85/48/dump_out: No vacancies detected.
2025-06-19 03:28 - ilearn.lammps.calcs - INFO - 85/57/dump_out: No vacancies detected.
2025-06-19 03:28 - ilearn.lammps.calcs - INFO - 85/58/dump_out: No vacancies detected.
2025-06-19 03:28 - ilearn.lammps.calcs - INFO - 85/63/dump_out: No vacancies detected.
2025-06-19 03:28 - ilearn.lammps.calcs - INFO - 85/65/dump_out: No vacancies detected.
2025-06-19 03:28 - ilearn.lammps.calcs - INFO - 85/68/dump_out: No vacancies detected.
2025-06-19 03:28 - ilearn.lammps.calcs - INFO - 85/69/dump_out: No vacancies detected.
2025-06-19 03:28 - ilearn.lammps.calcs - INFO - 85/70/dump_out: No vacancies detected.
2025-06-19 03:28 - ilearn.lammps.calcs - INFO - 85/71/dump_out: No vacancies detected.
2025-06-19 03:28 - ilearn.lammps.calcs - INFO - 85/72/dump_out: Vacancy detected. Particle ID: 1202, Position: [25.92 23.04 20.16]
2025-06-19 03:28 - ilearn.lammps.calcs - INFO - 85/74/dump_out: No vacancies detected.
2025-06-19 03:28 - ilearn.lammps.calcs - INFO - 85/87/dump_out: No vacancies detected.
2025-06-19 03:28 - ilearn.lammps.calcs - INFO - 85/88/dump_out: No vacancies detected.
2025-06-19 03:28 - ilearn.lammps.calcs - INFO - 85/89/dump_out: No vacancies detected.
2025-06-19 05:43 - ilearn.lammps.calcs - INFO - 90/48/dump_out: No vacancies detected.
2025-06-19 05:43 - ilearn.lammps.calcs - INFO - 90/57/dump_out: No vacancies detected.
2025-06-19 05:43 - ilearn.lammps.calcs - INFO - 90/58/dump_out: No vacancies detected.
2025-06-19 05:43 - ilearn.lammps.calcs - INFO - 90/63/dump_out: Vacancy detected. Particle ID: 1292, Position: [27.36 24.48 21.6 ]
2025-06-19 05:43 - ilearn.lammps.calcs - INFO - 90/65/dump_out: No vacancies detected.
2025-06-19 05:43 - ilearn.lammps.calcs - INFO - 90/68/dump_out: Vacancy detected. Particle ID: 1605, Position: [28.8  23.04 23.04]
2025-06-19 05:43 - ilearn.lammps.calcs - INFO - 90/69/dump_out: No vacancies detected.
2025-06-19 05:43 - ilearn.lammps.calcs - INFO - 90/70/dump_out: No vacancies detected.
2025-06-19 05:43 - ilearn.lammps.calcs - INFO - 90/71/dump_out: No vacancies detected.
2025-06-19 05:43 - ilearn.lammps.calcs - INFO - 90/74/dump_out: Vacancy detected. Particle ID: 1202, Position: [25.92 23.04 20.16]
2025-06-19 05:43 - ilearn.lammps.calcs - INFO - 90/87/dump_out: No vacancies detected.
2025-06-19 05:43 - ilearn.lammps.calcs - INFO - 90/88/dump_out: No vacancies detected.
2025-06-19 05:43 - ilearn.lammps.calcs - INFO - 90/89/dump_out: No vacancies detected.
2025-06-19 07:58 - ilearn.lammps.calcs - INFO - 95/48/dump_out: No vacancies detected.
2025-06-19 07:58 - ilearn.lammps.calcs - INFO - 95/57/dump_out: No vacancies detected.
2025-06-19 07:58 - ilearn.lammps.calcs - INFO - 95/58/dump_out: No vacancies detected.
2025-06-19 07:58 - ilearn.lammps.calcs - INFO - 95/65/dump_out: Vacancy detected. Particle ID: 1605, Position: [28.8  23.04 23.04]
2025-06-19 07:58 - ilearn.lammps.calcs - INFO - 95/69/dump_out: Vacancy detected. Particle ID: 1552, Position: [27.36 21.6  24.48]
2025-06-19 07:58 - ilearn.lammps.calcs - INFO - 95/70/dump_out: No vacancies detected.
2025-06-19 07:58 - ilearn.lammps.calcs - INFO - 95/71/dump_out: Vacancy detected. Particle ID: 1292, Position: [27.36 24.48 21.6 ]
2025-06-19 07:58 - ilearn.lammps.calcs - INFO - 95/87/dump_out: No vacancies detected.
2025-06-19 07:58 - ilearn.lammps.calcs - INFO - 95/88/dump_out: No vacancies detected.
2025-06-19 07:58 - ilearn.lammps.calcs - INFO - 95/89/dump_out: Vacancy detected. Particle ID: 1292, Position: [27.36 24.48 21.6 ]
2025-06-19 08:13 - ilearn.lammps.calcs - ERROR - /scratch/phys/t30429_nume-dft-ml/04-Ruoyan/00-MLP/04-short_range/ilearn/ilearn/lammps/results/tde/95/28/dump_out is not found. Please wait for TDE simulation to finish.
2025-06-19 08:30 - ilearn.lammps.calcs - INFO - 95/48/dump_out: No vacancies detected.
2025-06-19 08:30 - ilearn.lammps.calcs - INFO - 95/57/dump_out: No vacancies detected.
2025-06-19 08:30 - ilearn.lammps.calcs - INFO - 95/58/dump_out: No vacancies detected.
2025-06-19 08:30 - ilearn.lammps.calcs - INFO - 95/70/dump_out: No vacancies detected.
2025-06-19 08:30 - ilearn.lammps.calcs - INFO - 95/87/dump_out: No vacancies detected.
2025-06-19 08:30 - ilearn.lammps.calcs - INFO - 95/88/dump_out: No vacancies detected.
2025-06-19 09:45 - ilearn.lammps.calcs - INFO - 100/48/dump_out: Vacancy detected. Particle ID: 1552, Position: [27.36 21.6  24.48]
2025-06-19 09:45 - ilearn.lammps.calcs - INFO - 100/57/dump_out: Vacancy detected. Particle ID: 1292, Position: [27.36 24.48 21.6 ]
2025-06-19 09:45 - ilearn.lammps.calcs - INFO - 100/58/dump_out: No vacancies detected.
2025-06-19 09:45 - ilearn.lammps.calcs - INFO - 100/70/dump_out: Vacancy detected. Particle ID: 1552, Position: [27.36 21.6  24.48]
2025-06-19 09:45 - ilearn.lammps.calcs - INFO - 100/87/dump_out: No vacancies detected.
2025-06-19 09:45 - ilearn.lammps.calcs - INFO - 100/88/dump_out: Vacancy detected. Particle ID: 1202, Position: [25.92 23.04 20.16]
2025-06-19 11:00 - ilearn.lammps.calcs - INFO - 105/58/dump_out: Vacancy detected. Particle ID: 1164, Position: [27.36 21.6  18.72]
2025-06-19 11:00 - ilearn.lammps.calcs - INFO - 105/87/dump_out: Vacancy detected. Particle ID: 1605, Position: [28.8  23.04 23.04]
2025-06-19 11:00 - ilearn.lammps.calcs - INFO - ----------------------------------------------All TDE values are written with velocity < max_velocity.------------------------------------------------
2025-06-19 11:00 - ilearn.lammps.calcs - INFO - ------------------------------------------------All TDE values are written!------------------------------------------------
2025-06-19 15:14 - ilearn.lammps.calcs - INFO - Average TDE: 15.69 eV
2025-06-19 15:17 - ilearn.lammps.calcs - INFO - Average TDE: 22.07 eV
2025-06-19 16:44 - ilearn.lammps.calcs - INFO - 30/0/dump_out: No vacancies detected.
2025-06-19 16:45 - ilearn.lammps.calcs - INFO - 35/0/dump_out: No vacancies detected.
2025-06-19 16:46 - ilearn.lammps.calcs - ERROR - /scratch/phys/t30429_nume-dft-ml/04-Ruoyan/00-MLP/04-short_range/ilearn/ilearn/lammps/results/tde/40/0/dump_out is not found. Please wait for TDE simulation to finish.
2025-06-19 16:49 - ilearn.lammps.calcs - INFO - 30/0/dump_out: No vacancies detected.
2025-06-19 16:49 - ilearn.lammps.calcs - INFO - 35/0/dump_out: No vacancies detected.
2025-06-19 16:50 - ilearn.lammps.calcs - INFO - 40/0/dump_out: No vacancies detected.
2025-06-19 16:51 - ilearn.lammps.calcs - INFO - 45/0/dump_out: No vacancies detected.
2025-06-19 16:52 - ilearn.lammps.calcs - INFO - 50/0/dump_out: No vacancies detected.
2025-06-19 16:53 - ilearn.lammps.calcs - INFO - 55/0/dump_out: No vacancies detected.
2025-06-19 16:54 - ilearn.lammps.calcs - INFO - 60/0/dump_out: No vacancies detected.
2025-06-19 16:55 - ilearn.lammps.calcs - INFO - 65/0/dump_out: No vacancies detected.
2025-06-19 16:55 - ilearn.lammps.calcs - INFO - 70/0/dump_out: No vacancies detected.
2025-06-19 16:56 - ilearn.lammps.calcs - INFO - 75/0/dump_out: No vacancies detected.
2025-06-19 16:56 - ilearn.lammps.calcs - INFO - --------------------------------The max_velocity is too low for these directions-------------------------------------------
2025-06-19 16:56 - ilearn.lammps.calcs - INFO - 0: HKL: [-0.57738155 -0.57738155 -0.57728771], Angle: 225.00/125.26
2025-06-19 17:00 - ilearn.lammps.calcs - INFO - 75/0/dump_out: No vacancies detected.
2025-06-19 17:00 - ilearn.lammps.calcs - INFO - 80/0/dump_out: No vacancies detected.
2025-06-19 17:01 - ilearn.lammps.calcs - INFO - 85/0/dump_out: Vacancy detected. Particle ID: 2762, Position: [16.974 14.145 48.093]
2025-06-19 17:01 - ilearn.lammps.calcs - INFO - ----------------------------------------------All TDE values are written with velocity < max_velocity.------------------------------------------------
2025-06-19 17:01 - ilearn.lammps.calcs - INFO - ------------------------------------------------All TDE values are written!------------------------------------------------
2025-06-19 17:05 - ilearn.lammps.calcs - INFO - 30/0/dump_out: No vacancies detected.
2025-06-19 17:06 - ilearn.lammps.calcs - INFO - 35/0/dump_out: No vacancies detected.
2025-06-19 17:07 - ilearn.lammps.calcs - INFO - 40/0/dump_out: No vacancies detected.
2025-06-19 17:08 - ilearn.lammps.calcs - INFO - 45/0/dump_out: No vacancies detected.
2025-06-19 17:08 - ilearn.lammps.calcs - INFO - 50/0/dump_out: No vacancies detected.
2025-06-19 17:09 - ilearn.lammps.calcs - INFO - 55/0/dump_out: No vacancies detected.
2025-06-19 17:10 - ilearn.lammps.calcs - INFO - 60/0/dump_out: No vacancies detected.
2025-06-19 17:11 - ilearn.lammps.calcs - INFO - 65/0/dump_out: No vacancies detected.
2025-06-19 17:12 - ilearn.lammps.calcs - INFO - 70/0/dump_out: Vacancy detected. Particle ID: 1202, Position: [25.461 22.632 19.803]
2025-06-19 17:12 - ilearn.lammps.calcs - INFO - ----------------------------------------------All TDE values are written with velocity < max_velocity.------------------------------------------------
2025-06-19 17:12 - ilearn.lammps.calcs - INFO - ------------------------------------------------All TDE values are written!------------------------------------------------
2025-06-19 17:20 - ilearn.lammps.calcs - INFO - 35/0/dump_out: No vacancies detected.
2025-06-19 18:35 - ilearn.lammps.calcs - INFO - 40/0/dump_out: No vacancies detected.
2025-06-19 19:50 - ilearn.lammps.calcs - INFO - 45/0/dump_out: Vacancy detected. Particle ID: 1202, Position: [25.92 23.04 20.16]
2025-06-19 19:50 - ilearn.lammps.calcs - INFO - ----------------------------------------------All TDE values are written with velocity < max_velocity.------------------------------------------------
2025-06-19 19:50 - ilearn.lammps.calcs - INFO - ------------------------------------------------All TDE values are written!------------------------------------------------
2025-06-19 21:31 - ilearn.lammps.calcs - INFO - 95/48/dump_out: No vacancies detected.
2025-06-19 21:31 - ilearn.lammps.calcs - INFO - 95/57/dump_out: No vacancies detected.
2025-06-19 21:31 - ilearn.lammps.calcs - INFO - 95/58/dump_out: No vacancies detected.
2025-06-19 21:31 - ilearn.lammps.calcs - INFO - 95/70/dump_out: No vacancies detected.
2025-06-19 21:31 - ilearn.lammps.calcs - INFO - 95/87/dump_out: No vacancies detected.
2025-06-19 21:31 - ilearn.lammps.calcs - INFO - 95/88/dump_out: No vacancies detected.
2025-06-19 22:31 - ilearn.lammps.calcs - INFO - 98/48/dump_out: Vacancy detected. Particle ID: 1292, Position: [27.36 24.48 21.6 ]
2025-06-19 22:31 - ilearn.lammps.calcs - INFO - 98/57/dump_out: No vacancies detected.
2025-06-19 22:31 - ilearn.lammps.calcs - INFO - 98/58/dump_out: No vacancies detected.
2025-06-19 22:31 - ilearn.lammps.calcs - INFO - 98/70/dump_out: Vacancy detected. Particle ID: 1202, Position: [25.92 23.04 20.16]
2025-06-19 22:31 - ilearn.lammps.calcs - INFO - 98/87/dump_out: No vacancies detected.
2025-06-19 22:31 - ilearn.lammps.calcs - INFO - 98/88/dump_out: Vacancy detected. Particle ID: 1202, Position: [25.92 23.04 20.16]
2025-06-19 23:31 - ilearn.lammps.calcs - INFO - 101/57/dump_out: No vacancies detected.
2025-06-19 23:31 - ilearn.lammps.calcs - INFO - 101/58/dump_out: Vacancy detected. Particle ID: 1292, Position: [27.36 24.48 21.6 ]
2025-06-19 23:31 - ilearn.lammps.calcs - INFO - 101/87/dump_out: No vacancies detected.
2025-06-20 00:31 - ilearn.lammps.calcs - INFO - 104/57/dump_out: Vacancy detected. Particle ID: 1292, Position: [27.36 24.48 21.6 ]
2025-06-20 00:31 - ilearn.lammps.calcs - INFO - 104/87/dump_out: No vacancies detected.
2025-06-20 01:31 - ilearn.lammps.calcs - INFO - 107/87/dump_out: Vacancy detected. Particle ID: 1292, Position: [27.36 24.48 21.6 ]
2025-06-20 01:31 - ilearn.lammps.calcs - INFO - ------------------------------------------------All TDE values are written!------------------------------------------------
2025-06-20 11:45 - ilearn.lammps.calcs - INFO - Average TDE: 15.66 eV
